{"C:\\Users\\Dinesh.Peram\\Downloads\\react-admin-dashboard-master (1)\\react-admin-dashboard-master\\src\\App.jsx": {"path":"C:\\Users\\Dinesh.Peram\\Downloads\\react-admin-dashboard-master (1)\\react-admin-dashboard-master\\src\\App.jsx","statementMap":{"0":{"start":{"line":43,"column":21},"end":{"line":43,"column":34}},"1":{"start":{"line":44,"column":23},"end":{"line":44,"column":130}},"2":{"start":{"line":45,"column":28},"end":{"line":45,"column":56}},"3":{"start":{"line":46,"column":4},"end":{"line":48,"column":13}},"4":{"start":{"line":47,"column":8},"end":{"line":47,"column":49}},"5":{"start":{"line":50,"column":4},"end":{"line":118,"column":6}}},"fnMap":{"0":{"name":"App","decl":{"start":{"line":42,"column":9},"end":{"line":42,"column":12}},"loc":{"start":{"line":42,"column":15},"end":{"line":119,"column":1}},"line":42},"1":{"name":"(anonymous_1)","decl":{"start":{"line":46,"column":14},"end":{"line":46,"column":15}},"loc":{"start":{"line":46,"column":20},"end":{"line":48,"column":7}},"line":46}},"branchMap":{"0":{"loc":{"start":{"line":53,"column":12},"end":{"line":57,"column":13}},"type":"binary-expr","locations":[{"start":{"line":53,"column":12},"end":{"line":53,"column":23}},{"start":{"line":54,"column":16},"end":{"line":56,"column":22}}],"line":53},"1":{"loc":{"start":{"line":60,"column":13},"end":{"line":60,"column":58}},"type":"binary-expr","locations":[{"start":{"line":60,"column":13},"end":{"line":60,"column":24}},{"start":{"line":60,"column":28},"end":{"line":60,"column":43}},{"start":{"line":60,"column":47},"end":{"line":60,"column":58}}],"line":60}},"s":{"0":32,"1":32,"2":32,"3":32,"4":31,"5":32},"f":{"0":32,"1":31},"b":{"0":[32,24],"1":[32,24,22]},"_coverageSchema":"1a1c01bbd47fc00a2c39e90264f33305004495a9","hash":"52e5d86298a73c8a864409c1903a8a4d1d855b73"}
,"C:\\Users\\Dinesh.Peram\\Downloads\\react-admin-dashboard-master (1)\\react-admin-dashboard-master\\src\\components\\componentsAdmin\\AddUser\\AddUser.jsx": {"path":"C:\\Users\\Dinesh.Peram\\Downloads\\react-admin-dashboard-master (1)\\react-admin-dashboard-master\\src\\components\\componentsAdmin\\AddUser\\AddUser.jsx","statementMap":{"0":{"start":{"line":5,"column":16},"end":{"line":237,"column":1}},"1":{"start":{"line":6,"column":28},"end":{"line":17,"column":6}},"2":{"start":{"line":19,"column":34},"end":{"line":19,"column":46}},"3":{"start":{"line":20,"column":32},"end":{"line":20,"column":44}},"4":{"start":{"line":21,"column":46},"end":{"line":21,"column":61}},"5":{"start":{"line":23,"column":26},"end":{"line":60,"column":5}},"6":{"start":{"line":24,"column":20},"end":{"line":24,"column":22}},"7":{"start":{"line":26,"column":8},"end":{"line":28,"column":9}},"8":{"start":{"line":27,"column":12},"end":{"line":27,"column":62}},"9":{"start":{"line":30,"column":8},"end":{"line":35,"column":9}},"10":{"start":{"line":31,"column":34},"end":{"line":31,"column":104}},"11":{"start":{"line":32,"column":12},"end":{"line":34,"column":13}},"12":{"start":{"line":33,"column":16},"end":{"line":33,"column":127}},"13":{"start":{"line":37,"column":8},"end":{"line":39,"column":9}},"14":{"start":{"line":38,"column":12},"end":{"line":38,"column":46}},"15":{"start":{"line":41,"column":8},"end":{"line":46,"column":9}},"16":{"start":{"line":42,"column":31},"end":{"line":42,"column":81}},"17":{"start":{"line":43,"column":12},"end":{"line":45,"column":13}},"18":{"start":{"line":44,"column":16},"end":{"line":44,"column":48}},"19":{"start":{"line":48,"column":8},"end":{"line":53,"column":9}},"20":{"start":{"line":49,"column":32},"end":{"line":49,"column":45}},"21":{"start":{"line":50,"column":12},"end":{"line":52,"column":13}},"22":{"start":{"line":51,"column":16},"end":{"line":51,"column":67}},"23":{"start":{"line":55,"column":8},"end":{"line":57,"column":9}},"24":{"start":{"line":56,"column":12},"end":{"line":56,"column":50}},"25":{"start":{"line":59,"column":8},"end":{"line":59,"column":70}},"26":{"start":{"line":59,"column":35},"end":{"line":59,"column":67}},"27":{"start":{"line":62,"column":25},"end":{"line":72,"column":5}},"28":{"start":{"line":63,"column":32},"end":{"line":63,"column":44}},"29":{"start":{"line":65,"column":8},"end":{"line":68,"column":9}},"30":{"start":{"line":66,"column":12},"end":{"line":66,"column":45}},"31":{"start":{"line":66,"column":38},"end":{"line":66,"column":45}},"32":{"start":{"line":67,"column":12},"end":{"line":67,"column":42}},"33":{"start":{"line":67,"column":35},"end":{"line":67,"column":42}},"34":{"start":{"line":70,"column":8},"end":{"line":70,"column":44}},"35":{"start":{"line":71,"column":8},"end":{"line":71,"column":35}},"36":{"start":{"line":74,"column":25},"end":{"line":98,"column":5}},"37":{"start":{"line":75,"column":8},"end":{"line":75,"column":27}},"38":{"start":{"line":76,"column":26},"end":{"line":76,"column":77}},"39":{"start":{"line":76,"column":64},"end":{"line":76,"column":76}},"40":{"start":{"line":77,"column":8},"end":{"line":77,"column":30}},"41":{"start":{"line":77,"column":23},"end":{"line":77,"column":30}},"42":{"start":{"line":78,"column":8},"end":{"line":78,"column":31}},"43":{"start":{"line":79,"column":25},"end":{"line":79,"column":55}},"44":{"start":{"line":80,"column":8},"end":{"line":80,"column":37}},"45":{"start":{"line":82,"column":8},"end":{"line":96,"column":9}},"46":{"start":{"line":83,"column":12},"end":{"line":94,"column":15}},"47":{"start":{"line":95,"column":12},"end":{"line":95,"column":26}},"48":{"start":{"line":97,"column":8},"end":{"line":97,"column":32}},"49":{"start":{"line":100,"column":19},"end":{"line":109,"column":5}},"50":{"start":{"line":111,"column":4},"end":{"line":236,"column":6}},"51":{"start":{"line":229,"column":127},"end":{"line":229,"column":139}}},"fnMap":{"0":{"name":"(anonymous_0)","decl":{"start":{"line":5,"column":16},"end":{"line":5,"column":17}},"loc":{"start":{"line":5,"column":22},"end":{"line":237,"column":1}},"line":5},"1":{"name":"(anonymous_1)","decl":{"start":{"line":23,"column":26},"end":{"line":23,"column":27}},"loc":{"start":{"line":23,"column":43},"end":{"line":60,"column":5}},"line":23},"2":{"name":"(anonymous_2)","decl":{"start":{"line":59,"column":18},"end":{"line":59,"column":19}},"loc":{"start":{"line":59,"column":35},"end":{"line":59,"column":67}},"line":59},"3":{"name":"(anonymous_3)","decl":{"start":{"line":62,"column":25},"end":{"line":62,"column":26}},"loc":{"start":{"line":62,"column":36},"end":{"line":72,"column":5}},"line":62},"4":{"name":"(anonymous_4)","decl":{"start":{"line":74,"column":25},"end":{"line":74,"column":26}},"loc":{"start":{"line":74,"column":38},"end":{"line":98,"column":5}},"line":74},"5":{"name":"(anonymous_5)","decl":{"start":{"line":76,"column":53},"end":{"line":76,"column":54}},"loc":{"start":{"line":76,"column":64},"end":{"line":76,"column":76}},"line":76},"6":{"name":"(anonymous_6)","decl":{"start":{"line":229,"column":118},"end":{"line":229,"column":119}},"loc":{"start":{"line":229,"column":127},"end":{"line":229,"column":139}},"line":229}},"branchMap":{"0":{"loc":{"start":{"line":26,"column":8},"end":{"line":28,"column":9}},"type":"if","locations":[{"start":{"line":26,"column":8},"end":{"line":28,"column":9}},{"start":{},"end":{}}],"line":26},"1":{"loc":{"start":{"line":26,"column":12},"end":{"line":26,"column":51}},"type":"binary-expr","locations":[{"start":{"line":26,"column":12},"end":{"line":26,"column":31}},{"start":{"line":26,"column":35},"end":{"line":26,"column":51}}],"line":26},"2":{"loc":{"start":{"line":30,"column":8},"end":{"line":35,"column":9}},"type":"if","locations":[{"start":{"line":30,"column":8},"end":{"line":35,"column":9}},{"start":{},"end":{}}],"line":30},"3":{"loc":{"start":{"line":32,"column":12},"end":{"line":34,"column":13}},"type":"if","locations":[{"start":{"line":32,"column":12},"end":{"line":34,"column":13}},{"start":{},"end":{}}],"line":32},"4":{"loc":{"start":{"line":37,"column":8},"end":{"line":39,"column":9}},"type":"if","locations":[{"start":{"line":37,"column":8},"end":{"line":39,"column":9}},{"start":{},"end":{}}],"line":37},"5":{"loc":{"start":{"line":37,"column":12},"end":{"line":37,"column":62}},"type":"binary-expr","locations":[{"start":{"line":37,"column":12},"end":{"line":37,"column":35}},{"start":{"line":37,"column":39},"end":{"line":37,"column":62}}],"line":37},"6":{"loc":{"start":{"line":41,"column":8},"end":{"line":46,"column":9}},"type":"if","locations":[{"start":{"line":41,"column":8},"end":{"line":46,"column":9}},{"start":{},"end":{}}],"line":41},"7":{"loc":{"start":{"line":43,"column":12},"end":{"line":45,"column":13}},"type":"if","locations":[{"start":{"line":43,"column":12},"end":{"line":45,"column":13}},{"start":{},"end":{}}],"line":43},"8":{"loc":{"start":{"line":48,"column":8},"end":{"line":53,"column":9}},"type":"if","locations":[{"start":{"line":48,"column":8},"end":{"line":53,"column":9}},{"start":{},"end":{}}],"line":48},"9":{"loc":{"start":{"line":50,"column":12},"end":{"line":52,"column":13}},"type":"if","locations":[{"start":{"line":50,"column":12},"end":{"line":52,"column":13}},{"start":{},"end":{}}],"line":50},"10":{"loc":{"start":{"line":55,"column":8},"end":{"line":57,"column":9}},"type":"if","locations":[{"start":{"line":55,"column":8},"end":{"line":57,"column":9}},{"start":{},"end":{}}],"line":55},"11":{"loc":{"start":{"line":55,"column":12},"end":{"line":55,"column":37}},"type":"binary-expr","locations":[{"start":{"line":55,"column":12},"end":{"line":55,"column":27}},{"start":{"line":55,"column":31},"end":{"line":55,"column":37}}],"line":55},"12":{"loc":{"start":{"line":65,"column":8},"end":{"line":68,"column":9}},"type":"if","locations":[{"start":{"line":65,"column":8},"end":{"line":68,"column":9}},{"start":{},"end":{}}],"line":65},"13":{"loc":{"start":{"line":66,"column":12},"end":{"line":66,"column":45}},"type":"if","locations":[{"start":{"line":66,"column":12},"end":{"line":66,"column":45}},{"start":{},"end":{}}],"line":66},"14":{"loc":{"start":{"line":67,"column":12},"end":{"line":67,"column":42}},"type":"if","locations":[{"start":{"line":67,"column":12},"end":{"line":67,"column":42}},{"start":{},"end":{}}],"line":67},"15":{"loc":{"start":{"line":77,"column":8},"end":{"line":77,"column":30}},"type":"if","locations":[{"start":{"line":77,"column":8},"end":{"line":77,"column":30}},{"start":{},"end":{}}],"line":77},"16":{"loc":{"start":{"line":82,"column":8},"end":{"line":96,"column":9}},"type":"if","locations":[{"start":{"line":82,"column":8},"end":{"line":96,"column":9}},{"start":{},"end":{}}],"line":82},"17":{"loc":{"start":{"line":102,"column":47},"end":{"line":102,"column":97}},"type":"cond-expr","locations":[{"start":{"line":102,"column":82},"end":{"line":102,"column":89}},{"start":{"line":102,"column":92},"end":{"line":102,"column":97}}],"line":102},"18":{"loc":{"start":{"line":148,"column":21},"end":{"line":148,"column":85}},"type":"binary-expr","locations":[{"start":{"line":148,"column":21},"end":{"line":148,"column":33}},{"start":{"line":148,"column":37},"end":{"line":148,"column":85}}],"line":148},"19":{"loc":{"start":{"line":160,"column":21},"end":{"line":160,"column":91}},"type":"binary-expr","locations":[{"start":{"line":160,"column":21},"end":{"line":160,"column":36}},{"start":{"line":160,"column":40},"end":{"line":160,"column":91}}],"line":160},"20":{"loc":{"start":{"line":172,"column":21},"end":{"line":172,"column":91}},"type":"binary-expr","locations":[{"start":{"line":172,"column":21},"end":{"line":172,"column":36}},{"start":{"line":172,"column":40},"end":{"line":172,"column":91}}],"line":172},"21":{"loc":{"start":{"line":184,"column":21},"end":{"line":184,"column":99}},"type":"binary-expr","locations":[{"start":{"line":184,"column":21},"end":{"line":184,"column":40}},{"start":{"line":184,"column":44},"end":{"line":184,"column":99}}],"line":184},"22":{"loc":{"start":{"line":196,"column":21},"end":{"line":196,"column":91}},"type":"binary-expr","locations":[{"start":{"line":196,"column":21},"end":{"line":196,"column":36}},{"start":{"line":196,"column":40},"end":{"line":196,"column":91}}],"line":196},"23":{"loc":{"start":{"line":223,"column":21},"end":{"line":223,"column":83}},"type":"binary-expr","locations":[{"start":{"line":223,"column":21},"end":{"line":223,"column":32}},{"start":{"line":223,"column":36},"end":{"line":223,"column":83}}],"line":223},"24":{"loc":{"start":{"line":226,"column":21},"end":{"line":226,"column":71}},"type":"binary-expr","locations":[{"start":{"line":226,"column":21},"end":{"line":226,"column":28}},{"start":{"line":226,"column":32},"end":{"line":226,"column":71}}],"line":226},"25":{"loc":{"start":{"line":229,"column":74},"end":{"line":229,"column":140}},"type":"binary-expr","locations":[{"start":{"line":229,"column":74},"end":{"line":229,"column":87}},{"start":{"line":229,"column":91},"end":{"line":229,"column":140}}],"line":229},"26":{"loc":{"start":{"line":230,"column":25},"end":{"line":230,"column":65}},"type":"cond-expr","locations":[{"start":{"line":230,"column":41},"end":{"line":230,"column":52}},{"start":{"line":230,"column":55},"end":{"line":230,"column":65}}],"line":230}},"s":{"0":1,"1":26,"2":26,"3":26,"4":26,"5":26,"6":16,"7":16,"8":1,"9":16,"10":3,"11":3,"12":1,"13":16,"14":1,"15":16,"16":3,"17":3,"18":2,"19":16,"20":2,"21":2,"22":1,"23":16,"24":0,"25":16,"26":16,"27":26,"28":16,"29":16,"30":2,"31":0,"32":2,"33":0,"34":16,"35":16,"36":26,"37":1,"38":1,"39":9,"40":1,"41":0,"42":1,"43":1,"44":1,"45":1,"46":1,"47":1,"48":1,"49":26,"50":26,"51":53},"f":{"0":26,"1":16,"2":16,"3":16,"4":1,"5":9,"6":53},"b":{"0":[1,15],"1":[16,2],"2":[3,13],"3":[1,2],"4":[1,15],"5":[16,2],"6":[3,13],"7":[2,1],"8":[2,14],"9":[1,1],"10":[0,16],"11":[16,1],"12":[2,14],"13":[0,2],"14":[0,2],"15":[0,1],"16":[1,0],"17":[1,25],"18":[26,2],"19":[26,1],"20":[26,1],"21":[26,1],"22":[26,1],"23":[26,0],"24":[26,1],"25":[26,25],"26":[1,25]},"_coverageSchema":"1a1c01bbd47fc00a2c39e90264f33305004495a9","hash":"fdb917e030aade747afbc466864bc6a7a2c1a715"}
,"C:\\Users\\Dinesh.Peram\\Downloads\\react-admin-dashboard-master (1)\\react-admin-dashboard-master\\src\\components\\componentsAdmin\\AdminAllUsersTable\\AdminAllUsersTable.jsx": {"path":"C:\\Users\\Dinesh.Peram\\Downloads\\react-admin-dashboard-master (1)\\react-admin-dashboard-master\\src\\components\\componentsAdmin\\AdminAllUsersTable\\AdminAllUsersTable.jsx","statementMap":{"0":{"start":{"line":7,"column":17},"end":{"line":10,"column":1}},"1":{"start":{"line":8,"column":21},"end":{"line":8,"column":49}},"2":{"start":{"line":9,"column":2},"end":{"line":9,"column":56}},"3":{"start":{"line":12,"column":23},"end":{"line":22,"column":1}},"4":{"start":{"line":13,"column":21},"end":{"line":13,"column":53}},"5":{"start":{"line":14,"column":18},"end":{"line":14,"column":46}},"6":{"start":{"line":15,"column":16},"end":{"line":15,"column":51}},"7":{"start":{"line":17,"column":2},"end":{"line":19,"column":3}},"8":{"start":{"line":18,"column":4},"end":{"line":18,"column":41}},"9":{"start":{"line":21,"column":2},"end":{"line":21,"column":44}},"10":{"start":{"line":24,"column":27},"end":{"line":202,"column":1}},"11":{"start":{"line":25,"column":38},"end":{"line":25,"column":50}},"12":{"start":{"line":26,"column":28},"end":{"line":26,"column":40}},"13":{"start":{"line":27,"column":44},"end":{"line":27,"column":56}},"14":{"start":{"line":28,"column":32},"end":{"line":28,"column":46}},"15":{"start":{"line":29,"column":28},"end":{"line":29,"column":42}},"16":{"start":{"line":32,"column":40},"end":{"line":32,"column":51}},"17":{"start":{"line":33,"column":21},"end":{"line":33,"column":32}},"18":{"start":{"line":34,"column":46},"end":{"line":34,"column":58}},"19":{"start":{"line":36,"column":2},"end":{"line":49,"column":9}},"20":{"start":{"line":37,"column":21},"end":{"line":47,"column":5}},"21":{"start":{"line":38,"column":6},"end":{"line":46,"column":7}},"22":{"start":{"line":39,"column":21},"end":{"line":39,"column":50}},"23":{"start":{"line":40,"column":8},"end":{"line":40,"column":23}},"24":{"start":{"line":41,"column":8},"end":{"line":41,"column":31}},"25":{"start":{"line":43,"column":8},"end":{"line":43,"column":30}},"26":{"start":{"line":45,"column":8},"end":{"line":45,"column":26}},"27":{"start":{"line":48,"column":4},"end":{"line":48,"column":15}},"28":{"start":{"line":51,"column":2},"end":{"line":55,"column":45}},"29":{"start":{"line":53,"column":22},"end":{"line":53,"column":68}},"30":{"start":{"line":54,"column":4},"end":{"line":54,"column":33}},"31":{"start":{"line":57,"column":23},"end":{"line":67,"column":3}},"32":{"start":{"line":58,"column":17},"end":{"line":58,"column":45}},"33":{"start":{"line":59,"column":4},"end":{"line":59,"column":24}},"34":{"start":{"line":60,"column":21},"end":{"line":64,"column":5}},"35":{"start":{"line":62,"column":8},"end":{"line":63,"column":47}},"36":{"start":{"line":65,"column":4},"end":{"line":65,"column":31}},"37":{"start":{"line":66,"column":4},"end":{"line":66,"column":22}},"38":{"start":{"line":69,"column":27},"end":{"line":71,"column":3}},"39":{"start":{"line":70,"column":4},"end":{"line":70,"column":25}},"40":{"start":{"line":73,"column":27},"end":{"line":89,"column":3}},"41":{"start":{"line":74,"column":4},"end":{"line":88,"column":5}},"42":{"start":{"line":75,"column":6},"end":{"line":75,"column":48}},"43":{"start":{"line":76,"column":6},"end":{"line":80,"column":8}},"44":{"start":{"line":77,"column":8},"end":{"line":79,"column":9}},"45":{"start":{"line":78,"column":10},"end":{"line":78,"column":71}},"46":{"start":{"line":81,"column":6},"end":{"line":85,"column":8}},"47":{"start":{"line":82,"column":8},"end":{"line":84,"column":9}},"48":{"start":{"line":83,"column":10},"end":{"line":83,"column":71}},"49":{"start":{"line":87,"column":6},"end":{"line":87,"column":28}},"50":{"start":{"line":91,"column":2},"end":{"line":91,"column":76}},"51":{"start":{"line":91,"column":15},"end":{"line":91,"column":76}},"52":{"start":{"line":92,"column":2},"end":{"line":92,"column":71}},"53":{"start":{"line":92,"column":13},"end":{"line":92,"column":71}},"54":{"start":{"line":94,"column":25},"end":{"line":94,"column":84}},"55":{"start":{"line":96,"column":2},"end":{"line":201,"column":4}},"56":{"start":{"line":130,"column":14},"end":{"line":164,"column":26}},"57":{"start":{"line":159,"column":35},"end":{"line":159,"column":60}},"58":{"start":{"line":176,"column":25},"end":{"line":176,"column":58}},"59":{"start":{"line":182,"column":10},"end":{"line":188,"column":19}},"60":{"start":{"line":185,"column":27},"end":{"line":185,"column":54}},"61":{"start":{"line":194,"column":25},"end":{"line":194,"column":58}}},"fnMap":{"0":{"name":"(anonymous_0)","decl":{"start":{"line":7,"column":17},"end":{"line":7,"column":18}},"loc":{"start":{"line":7,"column":51},"end":{"line":10,"column":1}},"line":7},"1":{"name":"(anonymous_1)","decl":{"start":{"line":12,"column":23},"end":{"line":12,"column":24}},"loc":{"start":{"line":12,"column":62},"end":{"line":22,"column":1}},"line":12},"2":{"name":"(anonymous_2)","decl":{"start":{"line":24,"column":27},"end":{"line":24,"column":28}},"loc":{"start":{"line":24,"column":33},"end":{"line":202,"column":1}},"line":24},"3":{"name":"(anonymous_3)","decl":{"start":{"line":36,"column":12},"end":{"line":36,"column":13}},"loc":{"start":{"line":36,"column":18},"end":{"line":49,"column":3}},"line":36},"4":{"name":"(anonymous_4)","decl":{"start":{"line":37,"column":21},"end":{"line":37,"column":22}},"loc":{"start":{"line":37,"column":33},"end":{"line":47,"column":5}},"line":37},"5":{"name":"(anonymous_5)","decl":{"start":{"line":51,"column":12},"end":{"line":51,"column":13}},"loc":{"start":{"line":51,"column":18},"end":{"line":55,"column":3}},"line":51},"6":{"name":"(anonymous_6)","decl":{"start":{"line":57,"column":23},"end":{"line":57,"column":24}},"loc":{"start":{"line":57,"column":30},"end":{"line":67,"column":3}},"line":57},"7":{"name":"(anonymous_7)","decl":{"start":{"line":61,"column":6},"end":{"line":61,"column":7}},"loc":{"start":{"line":62,"column":8},"end":{"line":63,"column":47}},"line":62},"8":{"name":"(anonymous_8)","decl":{"start":{"line":69,"column":27},"end":{"line":69,"column":28}},"loc":{"start":{"line":69,"column":37},"end":{"line":71,"column":3}},"line":69},"9":{"name":"(anonymous_9)","decl":{"start":{"line":73,"column":27},"end":{"line":73,"column":28}},"loc":{"start":{"line":73,"column":45},"end":{"line":89,"column":3}},"line":73},"10":{"name":"(anonymous_10)","decl":{"start":{"line":76,"column":15},"end":{"line":76,"column":16}},"loc":{"start":{"line":77,"column":8},"end":{"line":79,"column":9}},"line":77},"11":{"name":"(anonymous_11)","decl":{"start":{"line":77,"column":22},"end":{"line":77,"column":23}},"loc":{"start":{"line":78,"column":10},"end":{"line":78,"column":71}},"line":78},"12":{"name":"(anonymous_12)","decl":{"start":{"line":81,"column":23},"end":{"line":81,"column":24}},"loc":{"start":{"line":82,"column":8},"end":{"line":84,"column":9}},"line":82},"13":{"name":"(anonymous_13)","decl":{"start":{"line":82,"column":22},"end":{"line":82,"column":23}},"loc":{"start":{"line":83,"column":10},"end":{"line":83,"column":71}},"line":83},"14":{"name":"(anonymous_14)","decl":{"start":{"line":129,"column":32},"end":{"line":129,"column":33}},"loc":{"start":{"line":130,"column":14},"end":{"line":164,"column":26}},"line":130},"15":{"name":"(anonymous_15)","decl":{"start":{"line":159,"column":29},"end":{"line":159,"column":30}},"loc":{"start":{"line":159,"column":35},"end":{"line":159,"column":60}},"line":159},"16":{"name":"(anonymous_16)","decl":{"start":{"line":176,"column":19},"end":{"line":176,"column":20}},"loc":{"start":{"line":176,"column":25},"end":{"line":176,"column":58}},"line":176},"17":{"name":"(anonymous_17)","decl":{"start":{"line":181,"column":36},"end":{"line":181,"column":37}},"loc":{"start":{"line":182,"column":10},"end":{"line":188,"column":19}},"line":182},"18":{"name":"(anonymous_18)","decl":{"start":{"line":185,"column":21},"end":{"line":185,"column":22}},"loc":{"start":{"line":185,"column":27},"end":{"line":185,"column":54}},"line":185},"19":{"name":"(anonymous_19)","decl":{"start":{"line":194,"column":19},"end":{"line":194,"column":20}},"loc":{"start":{"line":194,"column":25},"end":{"line":194,"column":58}},"line":194}},"branchMap":{"0":{"loc":{"start":{"line":17,"column":2},"end":{"line":19,"column":3}},"type":"if","locations":[{"start":{"line":17,"column":2},"end":{"line":19,"column":3}},{"start":{},"end":{}}],"line":17},"1":{"loc":{"start":{"line":62,"column":8},"end":{"line":63,"column":47}},"type":"binary-expr","locations":[{"start":{"line":62,"column":8},"end":{"line":62,"column":46}},{"start":{"line":63,"column":8},"end":{"line":63,"column":47}}],"line":62},"2":{"loc":{"start":{"line":78,"column":10},"end":{"line":78,"column":71}},"type":"cond-expr","locations":[{"start":{"line":78,"column":31},"end":{"line":78,"column":64}},{"start":{"line":78,"column":67},"end":{"line":78,"column":71}}],"line":78},"3":{"loc":{"start":{"line":83,"column":10},"end":{"line":83,"column":71}},"type":"cond-expr","locations":[{"start":{"line":83,"column":31},"end":{"line":83,"column":64}},{"start":{"line":83,"column":67},"end":{"line":83,"column":71}}],"line":83},"4":{"loc":{"start":{"line":91,"column":2},"end":{"line":91,"column":76}},"type":"if","locations":[{"start":{"line":91,"column":2},"end":{"line":91,"column":76}},{"start":{},"end":{}}],"line":91},"5":{"loc":{"start":{"line":92,"column":2},"end":{"line":92,"column":71}},"type":"if","locations":[{"start":{"line":92,"column":2},"end":{"line":92,"column":71}},{"start":{},"end":{}}],"line":92},"6":{"loc":{"start":{"line":152,"column":100},"end":{"line":152,"column":171}},"type":"cond-expr","locations":[{"start":{"line":152,"column":114},"end":{"line":152,"column":143}},{"start":{"line":152,"column":146},"end":{"line":152,"column":171}}],"line":152},"7":{"loc":{"start":{"line":153,"column":21},"end":{"line":153,"column":56}},"type":"cond-expr","locations":[{"start":{"line":153,"column":35},"end":{"line":153,"column":43}},{"start":{"line":153,"column":46},"end":{"line":153,"column":56}}],"line":153},"8":{"loc":{"start":{"line":158,"column":31},"end":{"line":158,"column":118}},"type":"cond-expr","locations":[{"start":{"line":158,"column":45},"end":{"line":158,"column":78}},{"start":{"line":158,"column":81},"end":{"line":158,"column":118}}],"line":158},"9":{"loc":{"start":{"line":161,"column":21},"end":{"line":161,"column":56}},"type":"cond-expr","locations":[{"start":{"line":161,"column":35},"end":{"line":161,"column":43}},{"start":{"line":161,"column":46},"end":{"line":161,"column":56}}],"line":161},"10":{"loc":{"start":{"line":184,"column":52},"end":{"line":184,"column":134}},"type":"cond-expr","locations":[{"start":{"line":184,"column":80},"end":{"line":184,"column":104}},{"start":{"line":184,"column":107},"end":{"line":184,"column":134}}],"line":184}},"s":{"0":1,"1":14,"2":14,"3":1,"4":15,"5":15,"6":15,"7":15,"8":15,"9":15,"10":1,"11":28,"12":28,"13":28,"14":28,"15":28,"16":28,"17":28,"18":28,"19":28,"20":6,"21":6,"22":6,"23":5,"24":5,"25":1,"26":6,"27":6,"28":28,"29":14,"30":14,"31":28,"32":1,"33":1,"34":1,"35":6,"36":1,"37":1,"38":28,"39":1,"40":28,"41":1,"42":1,"43":1,"44":1,"45":6,"46":1,"47":1,"48":6,"49":0,"50":28,"51":12,"52":16,"53":1,"54":15,"55":15,"56":42,"57":1,"58":0,"59":28,"60":0,"61":1},"f":{"0":14,"1":15,"2":28,"3":6,"4":6,"5":14,"6":1,"7":6,"8":1,"9":1,"10":1,"11":6,"12":1,"13":6,"14":42,"15":1,"16":0,"17":28,"18":0,"19":1},"b":{"0":[15,0],"1":[6,5],"2":[1,5],"3":[1,5],"4":[12,16],"5":[1,15],"6":[25,17],"7":[25,17],"8":[25,17],"9":[25,17],"10":[15,13]},"_coverageSchema":"1a1c01bbd47fc00a2c39e90264f33305004495a9","hash":"1ca478a2ff11a8cdf828842a80400a4827c68fee"}
,"C:\\Users\\Dinesh.Peram\\Downloads\\react-admin-dashboard-master (1)\\react-admin-dashboard-master\\src\\components\\componentsAdmin\\AllSongs\\AllSongsTable.jsx": {"path":"C:\\Users\\Dinesh.Peram\\Downloads\\react-admin-dashboard-master (1)\\react-admin-dashboard-master\\src\\components\\componentsAdmin\\AllSongs\\AllSongsTable.jsx","statementMap":{"0":{"start":{"line":8,"column":17},"end":{"line":196,"column":1}},"1":{"start":{"line":9,"column":40},"end":{"line":9,"column":52}},"2":{"start":{"line":10,"column":42},"end":{"line":10,"column":54}},"3":{"start":{"line":11,"column":44},"end":{"line":11,"column":56}},"4":{"start":{"line":12,"column":28},"end":{"line":12,"column":40}},"5":{"start":{"line":13,"column":44},"end":{"line":13,"column":56}},"6":{"start":{"line":14,"column":32},"end":{"line":14,"column":46}},"7":{"start":{"line":15,"column":28},"end":{"line":15,"column":42}},"8":{"start":{"line":16,"column":40},"end":{"line":16,"column":51}},"9":{"start":{"line":17,"column":36},"end":{"line":17,"column":59}},"10":{"start":{"line":18,"column":36},"end":{"line":18,"column":51}},"11":{"start":{"line":20,"column":19},"end":{"line":20,"column":20}},"12":{"start":{"line":22,"column":2},"end":{"line":35,"column":9}},"13":{"start":{"line":23,"column":23},"end":{"line":33,"column":5}},"14":{"start":{"line":24,"column":6},"end":{"line":32,"column":7}},"15":{"start":{"line":25,"column":21},"end":{"line":25,"column":50}},"16":{"start":{"line":26,"column":8},"end":{"line":26,"column":23}},"17":{"start":{"line":27,"column":8},"end":{"line":27,"column":31}},"18":{"start":{"line":29,"column":8},"end":{"line":29,"column":30}},"19":{"start":{"line":31,"column":8},"end":{"line":31,"column":26}},"20":{"start":{"line":34,"column":4},"end":{"line":34,"column":17}},"21":{"start":{"line":37,"column":2},"end":{"line":61,"column":78}},"22":{"start":{"line":38,"column":19},"end":{"line":38,"column":24}},"23":{"start":{"line":40,"column":4},"end":{"line":44,"column":5}},"24":{"start":{"line":41,"column":6},"end":{"line":43,"column":8}},"25":{"start":{"line":42,"column":8},"end":{"line":42,"column":68}},"26":{"start":{"line":46,"column":4},"end":{"line":50,"column":5}},"27":{"start":{"line":47,"column":6},"end":{"line":49,"column":8}},"28":{"start":{"line":48,"column":8},"end":{"line":48,"column":55}},"29":{"start":{"line":52,"column":4},"end":{"line":56,"column":5}},"30":{"start":{"line":53,"column":6},"end":{"line":55,"column":8}},"31":{"start":{"line":54,"column":18},"end":{"line":54,"column":87}},"32":{"start":{"line":58,"column":4},"end":{"line":58,"column":64}},"33":{"start":{"line":59,"column":4},"end":{"line":59,"column":31}},"34":{"start":{"line":60,"column":4},"end":{"line":60,"column":22}},"35":{"start":{"line":63,"column":21},"end":{"line":66,"column":3}},"36":{"start":{"line":64,"column":4},"end":{"line":64,"column":55}},"37":{"start":{"line":65,"column":4},"end":{"line":65,"column":24}},"38":{"start":{"line":68,"column":25},"end":{"line":68,"column":71}},"39":{"start":{"line":69,"column":45},"end":{"line":73,"column":3}},"40":{"start":{"line":75,"column":2},"end":{"line":75,"column":75}},"41":{"start":{"line":75,"column":15},"end":{"line":75,"column":75}},"42":{"start":{"line":76,"column":2},"end":{"line":76,"column":71}},"43":{"start":{"line":76,"column":13},"end":{"line":76,"column":71}},"44":{"start":{"line":78,"column":2},"end":{"line":195,"column":4}},"45":{"start":{"line":98,"column":29},"end":{"line":98,"column":59}},"46":{"start":{"line":109,"column":29},"end":{"line":109,"column":60}},"47":{"start":{"line":118,"column":29},"end":{"line":118,"column":61}},"48":{"start":{"line":121,"column":42},"end":{"line":121,"column":79}},"49":{"start":{"line":122,"column":30},"end":{"line":122,"column":35}},"50":{"start":{"line":124,"column":16},"end":{"line":126,"column":25}},"51":{"start":{"line":139,"column":31},"end":{"line":139,"column":51}},"52":{"start":{"line":145,"column":31},"end":{"line":145,"column":53}},"53":{"start":{"line":151,"column":31},"end":{"line":151,"column":50}},"54":{"start":{"line":157,"column":31},"end":{"line":157,"column":56}},"55":{"start":{"line":168,"column":14},"end":{"line":174,"column":26}},"56":{"start":{"line":182,"column":67},"end":{"line":182,"column":80}},"57":{"start":{"line":183,"column":10},"end":{"line":191,"column":19}},"58":{"start":{"line":185,"column":27},"end":{"line":185,"column":47}}},"fnMap":{"0":{"name":"(anonymous_0)","decl":{"start":{"line":8,"column":17},"end":{"line":8,"column":18}},"loc":{"start":{"line":8,"column":23},"end":{"line":196,"column":1}},"line":8},"1":{"name":"(anonymous_1)","decl":{"start":{"line":22,"column":12},"end":{"line":22,"column":13}},"loc":{"start":{"line":22,"column":18},"end":{"line":35,"column":3}},"line":22},"2":{"name":"(anonymous_2)","decl":{"start":{"line":23,"column":23},"end":{"line":23,"column":24}},"loc":{"start":{"line":23,"column":35},"end":{"line":33,"column":5}},"line":23},"3":{"name":"(anonymous_3)","decl":{"start":{"line":37,"column":12},"end":{"line":37,"column":13}},"loc":{"start":{"line":37,"column":18},"end":{"line":61,"column":3}},"line":37},"4":{"name":"(anonymous_4)","decl":{"start":{"line":41,"column":33},"end":{"line":41,"column":34}},"loc":{"start":{"line":42,"column":8},"end":{"line":42,"column":68}},"line":42},"5":{"name":"(anonymous_5)","decl":{"start":{"line":47,"column":33},"end":{"line":47,"column":34}},"loc":{"start":{"line":48,"column":8},"end":{"line":48,"column":55}},"line":48},"6":{"name":"(anonymous_6)","decl":{"start":{"line":54,"column":8},"end":{"line":54,"column":9}},"loc":{"start":{"line":54,"column":18},"end":{"line":54,"column":87}},"line":54},"7":{"name":"(anonymous_7)","decl":{"start":{"line":63,"column":21},"end":{"line":63,"column":22}},"loc":{"start":{"line":63,"column":32},"end":{"line":66,"column":3}},"line":63},"8":{"name":"(anonymous_8)","decl":{"start":{"line":98,"column":22},"end":{"line":98,"column":23}},"loc":{"start":{"line":98,"column":29},"end":{"line":98,"column":59}},"line":98},"9":{"name":"(anonymous_9)","decl":{"start":{"line":109,"column":22},"end":{"line":109,"column":23}},"loc":{"start":{"line":109,"column":29},"end":{"line":109,"column":60}},"line":109},"10":{"name":"(anonymous_10)","decl":{"start":{"line":118,"column":22},"end":{"line":118,"column":23}},"loc":{"start":{"line":118,"column":29},"end":{"line":118,"column":61}},"line":118},"11":{"name":"(anonymous_11)","decl":{"start":{"line":121,"column":35},"end":{"line":121,"column":36}},"loc":{"start":{"line":121,"column":42},"end":{"line":121,"column":79}},"line":121},"12":{"name":"(anonymous_12)","decl":{"start":{"line":122,"column":20},"end":{"line":122,"column":21}},"loc":{"start":{"line":122,"column":30},"end":{"line":122,"column":35}},"line":122},"13":{"name":"(anonymous_13)","decl":{"start":{"line":123,"column":19},"end":{"line":123,"column":20}},"loc":{"start":{"line":124,"column":16},"end":{"line":126,"column":25}},"line":124},"14":{"name":"(anonymous_14)","decl":{"start":{"line":139,"column":25},"end":{"line":139,"column":26}},"loc":{"start":{"line":139,"column":31},"end":{"line":139,"column":51}},"line":139},"15":{"name":"(anonymous_15)","decl":{"start":{"line":145,"column":25},"end":{"line":145,"column":26}},"loc":{"start":{"line":145,"column":31},"end":{"line":145,"column":53}},"line":145},"16":{"name":"(anonymous_16)","decl":{"start":{"line":151,"column":25},"end":{"line":151,"column":26}},"loc":{"start":{"line":151,"column":31},"end":{"line":151,"column":50}},"line":151},"17":{"name":"(anonymous_17)","decl":{"start":{"line":157,"column":25},"end":{"line":157,"column":26}},"loc":{"start":{"line":157,"column":31},"end":{"line":157,"column":56}},"line":157},"18":{"name":"(anonymous_18)","decl":{"start":{"line":167,"column":32},"end":{"line":167,"column":33}},"loc":{"start":{"line":168,"column":14},"end":{"line":174,"column":26}},"line":168},"19":{"name":"(anonymous_19)","decl":{"start":{"line":182,"column":57},"end":{"line":182,"column":58}},"loc":{"start":{"line":182,"column":67},"end":{"line":182,"column":80}},"line":182},"20":{"name":"(anonymous_20)","decl":{"start":{"line":182,"column":86},"end":{"line":182,"column":87}},"loc":{"start":{"line":183,"column":10},"end":{"line":191,"column":19}},"line":183},"21":{"name":"(anonymous_21)","decl":{"start":{"line":185,"column":21},"end":{"line":185,"column":22}},"loc":{"start":{"line":185,"column":27},"end":{"line":185,"column":47}},"line":185}},"branchMap":{"0":{"loc":{"start":{"line":40,"column":4},"end":{"line":44,"column":5}},"type":"if","locations":[{"start":{"line":40,"column":4},"end":{"line":44,"column":5}},{"start":{},"end":{}}],"line":40},"1":{"loc":{"start":{"line":46,"column":4},"end":{"line":50,"column":5}},"type":"if","locations":[{"start":{"line":46,"column":4},"end":{"line":50,"column":5}},{"start":{},"end":{}}],"line":46},"2":{"loc":{"start":{"line":52,"column":4},"end":{"line":56,"column":5}},"type":"if","locations":[{"start":{"line":52,"column":4},"end":{"line":56,"column":5}},{"start":{},"end":{}}],"line":52},"3":{"loc":{"start":{"line":64,"column":17},"end":{"line":64,"column":53}},"type":"cond-expr","locations":[{"start":{"line":64,"column":39},"end":{"line":64,"column":45}},{"start":{"line":64,"column":48},"end":{"line":64,"column":53}}],"line":64},"4":{"loc":{"start":{"line":75,"column":2},"end":{"line":75,"column":75}},"type":"if","locations":[{"start":{"line":75,"column":2},"end":{"line":75,"column":75}},{"start":{},"end":{}}],"line":75},"5":{"loc":{"start":{"line":76,"column":2},"end":{"line":76,"column":71}},"type":"if","locations":[{"start":{"line":76,"column":2},"end":{"line":76,"column":71}},{"start":{},"end":{}}],"line":76},"6":{"loc":{"start":{"line":141,"column":25},"end":{"line":141,"column":88}},"type":"cond-expr","locations":[{"start":{"line":141,"column":51},"end":{"line":141,"column":82}},{"start":{"line":141,"column":86},"end":{"line":141,"column":88}}],"line":141},"7":{"loc":{"start":{"line":141,"column":51},"end":{"line":141,"column":82}},"type":"cond-expr","locations":[{"start":{"line":141,"column":73},"end":{"line":141,"column":76}},{"start":{"line":141,"column":79},"end":{"line":141,"column":82}}],"line":141},"8":{"loc":{"start":{"line":147,"column":27},"end":{"line":147,"column":92}},"type":"cond-expr","locations":[{"start":{"line":147,"column":55},"end":{"line":147,"column":86}},{"start":{"line":147,"column":90},"end":{"line":147,"column":92}}],"line":147},"9":{"loc":{"start":{"line":147,"column":55},"end":{"line":147,"column":86}},"type":"cond-expr","locations":[{"start":{"line":147,"column":77},"end":{"line":147,"column":80}},{"start":{"line":147,"column":83},"end":{"line":147,"column":86}}],"line":147},"10":{"loc":{"start":{"line":153,"column":23},"end":{"line":153,"column":85}},"type":"cond-expr","locations":[{"start":{"line":153,"column":48},"end":{"line":153,"column":79}},{"start":{"line":153,"column":83},"end":{"line":153,"column":85}}],"line":153},"11":{"loc":{"start":{"line":153,"column":48},"end":{"line":153,"column":79}},"type":"cond-expr","locations":[{"start":{"line":153,"column":70},"end":{"line":153,"column":73}},{"start":{"line":153,"column":76},"end":{"line":153,"column":79}}],"line":153},"12":{"loc":{"start":{"line":159,"column":30},"end":{"line":159,"column":98}},"type":"cond-expr","locations":[{"start":{"line":159,"column":61},"end":{"line":159,"column":92}},{"start":{"line":159,"column":96},"end":{"line":159,"column":98}}],"line":159},"13":{"loc":{"start":{"line":159,"column":61},"end":{"line":159,"column":92}},"type":"cond-expr","locations":[{"start":{"line":159,"column":83},"end":{"line":159,"column":86}},{"start":{"line":159,"column":89},"end":{"line":159,"column":92}}],"line":159},"14":{"loc":{"start":{"line":173,"column":65},"end":{"line":173,"column":92}},"type":"binary-expr","locations":[{"start":{"line":173,"column":65},"end":{"line":173,"column":83}},{"start":{"line":173,"column":87},"end":{"line":173,"column":92}}],"line":173},"15":{"loc":{"start":{"line":187,"column":14},"end":{"line":187,"column":91}},"type":"cond-expr","locations":[{"start":{"line":187,"column":37},"end":{"line":187,"column":61}},{"start":{"line":187,"column":64},"end":{"line":187,"column":91}}],"line":187}},"s":{"0":1,"1":38,"2":37,"3":37,"4":37,"5":37,"6":37,"7":37,"8":37,"9":37,"10":37,"11":37,"12":37,"13":8,"14":8,"15":8,"16":7,"17":7,"18":1,"19":8,"20":8,"21":37,"22":18,"23":18,"24":1,"25":2,"26":18,"27":1,"28":2,"29":18,"30":1,"31":2,"32":18,"33":18,"34":18,"35":37,"36":1,"37":1,"38":37,"39":37,"40":37,"41":16,"42":21,"43":1,"44":20,"45":1,"46":1,"47":1,"48":64,"49":20,"50":40,"51":0,"52":0,"53":1,"54":0,"55":46,"56":23,"57":23,"58":1},"f":{"0":38,"1":8,"2":8,"3":18,"4":2,"5":2,"6":2,"7":1,"8":1,"9":1,"10":1,"11":64,"12":20,"13":40,"14":0,"15":0,"16":1,"17":0,"18":46,"19":23,"20":23,"21":1},"b":{"0":[1,17],"1":[1,17],"2":[1,17],"3":[1,0],"4":[16,21],"5":[1,20],"6":[0,20],"7":[0,0],"8":[0,20],"9":[0,0],"10":[2,18],"11":[0,2],"12":[18,2],"13":[18,0],"14":[46,30],"15":[20,3]},"_coverageSchema":"1a1c01bbd47fc00a2c39e90264f33305004495a9","hash":"db0fcda774eacca0ee203bb3df7eb82ac4bbb659"}
,"C:\\Users\\Dinesh.Peram\\Downloads\\react-admin-dashboard-master (1)\\react-admin-dashboard-master\\src\\components\\componentsAdmin\\ArtistsTable\\ArtistsTable.jsx": {"path":"C:\\Users\\Dinesh.Peram\\Downloads\\react-admin-dashboard-master (1)\\react-admin-dashboard-master\\src\\components\\componentsAdmin\\ArtistsTable\\ArtistsTable.jsx","statementMap":{"0":{"start":{"line":6,"column":21},"end":{"line":102,"column":1}},"1":{"start":{"line":7,"column":40},"end":{"line":7,"column":52}},"2":{"start":{"line":8,"column":34},"end":{"line":8,"column":46}},"3":{"start":{"line":9,"column":50},"end":{"line":9,"column":62}},"4":{"start":{"line":11,"column":4},"end":{"line":22,"column":13}},"5":{"start":{"line":12,"column":29},"end":{"line":19,"column":9}},"6":{"start":{"line":13,"column":10},"end":{"line":18,"column":11}},"7":{"start":{"line":14,"column":25},"end":{"line":14,"column":60}},"8":{"start":{"line":15,"column":12},"end":{"line":15,"column":29}},"9":{"start":{"line":17,"column":12},"end":{"line":17,"column":33}},"10":{"start":{"line":21,"column":8},"end":{"line":21,"column":23}},"11":{"start":{"line":24,"column":4},"end":{"line":31,"column":30}},"12":{"start":{"line":25,"column":8},"end":{"line":30,"column":10}},"13":{"start":{"line":27,"column":16},"end":{"line":28,"column":77}},"14":{"start":{"line":33,"column":4},"end":{"line":101,"column":6}},"15":{"start":{"line":48,"column":41},"end":{"line":48,"column":70}},"16":{"start":{"line":66,"column":28},"end":{"line":95,"column":40}}},"fnMap":{"0":{"name":"(anonymous_0)","decl":{"start":{"line":6,"column":21},"end":{"line":6,"column":22}},"loc":{"start":{"line":6,"column":27},"end":{"line":102,"column":1}},"line":6},"1":{"name":"(anonymous_1)","decl":{"start":{"line":11,"column":14},"end":{"line":11,"column":15}},"loc":{"start":{"line":11,"column":20},"end":{"line":22,"column":7}},"line":11},"2":{"name":"(anonymous_2)","decl":{"start":{"line":12,"column":29},"end":{"line":12,"column":30}},"loc":{"start":{"line":12,"column":41},"end":{"line":19,"column":9}},"line":12},"3":{"name":"(anonymous_3)","decl":{"start":{"line":24,"column":14},"end":{"line":24,"column":15}},"loc":{"start":{"line":24,"column":20},"end":{"line":31,"column":5}},"line":24},"4":{"name":"(anonymous_4)","decl":{"start":{"line":26,"column":27},"end":{"line":26,"column":28}},"loc":{"start":{"line":27,"column":16},"end":{"line":28,"column":77}},"line":27},"5":{"name":"(anonymous_5)","decl":{"start":{"line":48,"column":34},"end":{"line":48,"column":35}},"loc":{"start":{"line":48,"column":41},"end":{"line":48,"column":70}},"line":48},"6":{"name":"(anonymous_6)","decl":{"start":{"line":65,"column":45},"end":{"line":65,"column":46}},"loc":{"start":{"line":66,"column":28},"end":{"line":95,"column":40}},"line":66}},"branchMap":{"0":{"loc":{"start":{"line":27,"column":16},"end":{"line":28,"column":77}},"type":"binary-expr","locations":[{"start":{"line":27,"column":16},"end":{"line":27,"column":76}},{"start":{"line":28,"column":16},"end":{"line":28,"column":77}}],"line":27},"1":{"loc":{"start":{"line":91,"column":118},"end":{"line":91,"column":204}},"type":"cond-expr","locations":[{"start":{"line":91,"column":147},"end":{"line":91,"column":176}},{"start":{"line":91,"column":179},"end":{"line":91,"column":204}}],"line":91}},"s":{"0":1,"1":14,"2":14,"3":14,"4":14,"5":3,"6":3,"7":3,"8":3,"9":0,"10":3,"11":14,"12":7,"13":20,"14":14,"15":1,"16":21},"f":{"0":14,"1":3,"2":3,"3":7,"4":20,"5":1,"6":21},"b":{"0":[20,4],"1":[12,9]},"_coverageSchema":"1a1c01bbd47fc00a2c39e90264f33305004495a9","hash":"57e433df85e855ad05f86a04a6a825ff5b661a96"}
,"C:\\Users\\Dinesh.Peram\\Downloads\\react-admin-dashboard-master (1)\\react-admin-dashboard-master\\src\\components\\componentsAdmin\\ChartArtists\\ChartArtists.jsx": {"path":"C:\\Users\\Dinesh.Peram\\Downloads\\react-admin-dashboard-master (1)\\react-admin-dashboard-master\\src\\components\\componentsAdmin\\ChartArtists\\ChartArtists.jsx","statementMap":{"0":{"start":{"line":6,"column":21},"end":{"line":92,"column":1}},"1":{"start":{"line":7,"column":51},"end":{"line":7,"column":67}},"2":{"start":{"line":8,"column":39},"end":{"line":8,"column":51}},"3":{"start":{"line":9,"column":37},"end":{"line":9,"column":49}},"4":{"start":{"line":11,"column":1},"end":{"line":30,"column":28}},"5":{"start":{"line":12,"column":26},"end":{"line":27,"column":9}},"6":{"start":{"line":13,"column":12},"end":{"line":26,"column":13}},"7":{"start":{"line":14,"column":29},"end":{"line":14,"column":79}},"8":{"start":{"line":17,"column":38},"end":{"line":17,"column":83}},"9":{"start":{"line":17,"column":55},"end":{"line":17,"column":82}},"10":{"start":{"line":18,"column":16},"end":{"line":21,"column":17}},"11":{"start":{"line":19,"column":42},"end":{"line":19,"column":99}},"12":{"start":{"line":19,"column":83},"end":{"line":19,"column":98}},"13":{"start":{"line":20,"column":20},"end":{"line":20,"column":49}},"14":{"start":{"line":23,"column":16},"end":{"line":23,"column":37}},"15":{"start":{"line":25,"column":16},"end":{"line":25,"column":61}},"16":{"start":{"line":29,"column":8},"end":{"line":29,"column":20}},"17":{"start":{"line":33,"column":1},"end":{"line":91,"column":3}},"18":{"start":{"line":45,"column":22},"end":{"line":45,"column":58}},"19":{"start":{"line":62,"column":32},"end":{"line":66,"column":33}},"20":{"start":{"line":63,"column":32},"end":{"line":63,"column":76}},"21":{"start":{"line":64,"column":39},"end":{"line":66,"column":33}},"22":{"start":{"line":65,"column":32},"end":{"line":65,"column":72}},"23":{"start":{"line":67,"column":32},"end":{"line":67,"column":45}},"24":{"start":{"line":78,"column":7},"end":{"line":85,"column":9}}},"fnMap":{"0":{"name":"(anonymous_0)","decl":{"start":{"line":6,"column":21},"end":{"line":6,"column":22}},"loc":{"start":{"line":6,"column":27},"end":{"line":92,"column":1}},"line":6},"1":{"name":"(anonymous_1)","decl":{"start":{"line":11,"column":11},"end":{"line":11,"column":12}},"loc":{"start":{"line":11,"column":17},"end":{"line":30,"column":5}},"line":11},"2":{"name":"(anonymous_2)","decl":{"start":{"line":12,"column":26},"end":{"line":12,"column":27}},"loc":{"start":{"line":12,"column":38},"end":{"line":27,"column":9}},"line":12},"3":{"name":"(anonymous_3)","decl":{"start":{"line":17,"column":48},"end":{"line":17,"column":49}},"loc":{"start":{"line":17,"column":55},"end":{"line":17,"column":82}},"line":17},"4":{"name":"(anonymous_4)","decl":{"start":{"line":19,"column":76},"end":{"line":19,"column":77}},"loc":{"start":{"line":19,"column":83},"end":{"line":19,"column":98}},"line":19},"5":{"name":"(anonymous_5)","decl":{"start":{"line":45,"column":15},"end":{"line":45,"column":16}},"loc":{"start":{"line":45,"column":22},"end":{"line":45,"column":58}},"line":45},"6":{"name":"(anonymous_6)","decl":{"start":{"line":61,"column":43},"end":{"line":61,"column":44}},"loc":{"start":{"line":61,"column":54},"end":{"line":68,"column":29}},"line":61},"7":{"name":"(anonymous_7)","decl":{"start":{"line":77,"column":22},"end":{"line":77,"column":23}},"loc":{"start":{"line":78,"column":7},"end":{"line":85,"column":9}},"line":78}},"branchMap":{"0":{"loc":{"start":{"line":18,"column":16},"end":{"line":21,"column":17}},"type":"if","locations":[{"start":{"line":18,"column":16},"end":{"line":21,"column":17}},{"start":{},"end":{}}],"line":18},"1":{"loc":{"start":{"line":62,"column":32},"end":{"line":66,"column":33}},"type":"if","locations":[{"start":{"line":62,"column":32},"end":{"line":66,"column":33}},{"start":{"line":64,"column":39},"end":{"line":66,"column":33}}],"line":62},"2":{"loc":{"start":{"line":64,"column":39},"end":{"line":66,"column":33}},"type":"if","locations":[{"start":{"line":64,"column":39},"end":{"line":66,"column":33}},{"start":{},"end":{}}],"line":64}},"s":{"0":1,"1":7,"2":7,"3":7,"4":7,"5":4,"6":4,"7":4,"8":3,"9":3,"10":3,"11":3,"12":18,"13":3,"14":3,"15":1,"16":4,"17":7,"18":1,"19":0,"20":0,"21":0,"22":0,"23":0,"24":20},"f":{"0":7,"1":4,"2":4,"3":3,"4":18,"5":1,"6":0,"7":20},"b":{"0":[3,0],"1":[0,0],"2":[0,0]},"_coverageSchema":"1a1c01bbd47fc00a2c39e90264f33305004495a9","hash":"ad9bee7126cb1be0c360facaf409eafeac2d3bd9"}
,"C:\\Users\\Dinesh.Peram\\Downloads\\react-admin-dashboard-master (1)\\react-admin-dashboard-master\\src\\components\\componentsAdmin\\ChartManagers\\ChartManagers.jsx": {"path":"C:\\Users\\Dinesh.Peram\\Downloads\\react-admin-dashboard-master (1)\\react-admin-dashboard-master\\src\\components\\componentsAdmin\\ChartManagers\\ChartManagers.jsx","statementMap":{"0":{"start":{"line":6,"column":22},"end":{"line":82,"column":1}},"1":{"start":{"line":7,"column":54},"end":{"line":7,"column":70}},"2":{"start":{"line":8,"column":42},"end":{"line":8,"column":54}},"3":{"start":{"line":9,"column":42},"end":{"line":9,"column":54}},"4":{"start":{"line":11,"column":4},"end":{"line":23,"column":28}},"5":{"start":{"line":12,"column":26},"end":{"line":20,"column":9}},"6":{"start":{"line":13,"column":12},"end":{"line":19,"column":13}},"7":{"start":{"line":14,"column":53},"end":{"line":14,"column":106}},"8":{"start":{"line":15,"column":16},"end":{"line":15,"column":44}},"9":{"start":{"line":16,"column":16},"end":{"line":16,"column":44}},"10":{"start":{"line":18,"column":16},"end":{"line":18,"column":61}},"11":{"start":{"line":22,"column":8},"end":{"line":22,"column":20}},"12":{"start":{"line":26,"column":4},"end":{"line":81,"column":6}},"13":{"start":{"line":38,"column":37},"end":{"line":38,"column":73}},"14":{"start":{"line":53,"column":32},"end":{"line":57,"column":33}},"15":{"start":{"line":54,"column":32},"end":{"line":54,"column":76}},"16":{"start":{"line":55,"column":39},"end":{"line":57,"column":33}},"17":{"start":{"line":56,"column":32},"end":{"line":56,"column":72}},"18":{"start":{"line":58,"column":32},"end":{"line":58,"column":45}},"19":{"start":{"line":68,"column":28},"end":{"line":75,"column":30}}},"fnMap":{"0":{"name":"(anonymous_0)","decl":{"start":{"line":6,"column":22},"end":{"line":6,"column":23}},"loc":{"start":{"line":6,"column":28},"end":{"line":82,"column":1}},"line":6},"1":{"name":"(anonymous_1)","decl":{"start":{"line":11,"column":14},"end":{"line":11,"column":15}},"loc":{"start":{"line":11,"column":20},"end":{"line":23,"column":5}},"line":11},"2":{"name":"(anonymous_2)","decl":{"start":{"line":12,"column":26},"end":{"line":12,"column":27}},"loc":{"start":{"line":12,"column":38},"end":{"line":20,"column":9}},"line":12},"3":{"name":"(anonymous_3)","decl":{"start":{"line":38,"column":30},"end":{"line":38,"column":31}},"loc":{"start":{"line":38,"column":37},"end":{"line":38,"column":73}},"line":38},"4":{"name":"(anonymous_4)","decl":{"start":{"line":52,"column":43},"end":{"line":52,"column":44}},"loc":{"start":{"line":52,"column":54},"end":{"line":59,"column":29}},"line":52},"5":{"name":"(anonymous_5)","decl":{"start":{"line":67,"column":41},"end":{"line":67,"column":42}},"loc":{"start":{"line":68,"column":28},"end":{"line":75,"column":30}},"line":68}},"branchMap":{"0":{"loc":{"start":{"line":53,"column":32},"end":{"line":57,"column":33}},"type":"if","locations":[{"start":{"line":53,"column":32},"end":{"line":57,"column":33}},{"start":{"line":55,"column":39},"end":{"line":57,"column":33}}],"line":53},"1":{"loc":{"start":{"line":55,"column":39},"end":{"line":57,"column":33}},"type":"if","locations":[{"start":{"line":55,"column":39},"end":{"line":57,"column":33}},{"start":{},"end":{}}],"line":55}},"s":{"0":1,"1":7,"2":7,"3":7,"4":7,"5":4,"6":4,"7":4,"8":3,"9":3,"10":1,"11":4,"12":7,"13":1,"14":0,"15":0,"16":0,"17":0,"18":0,"19":8},"f":{"0":7,"1":4,"2":4,"3":1,"4":0,"5":8},"b":{"0":[0,0],"1":[0,0]},"_coverageSchema":"1a1c01bbd47fc00a2c39e90264f33305004495a9","hash":"4782e129a2cc16c2dd4ea175ac839317f78a8659"}
,"C:\\Users\\Dinesh.Peram\\Downloads\\react-admin-dashboard-master (1)\\react-admin-dashboard-master\\src\\components\\componentsAdmin\\ContactRequests\\ContactRequests.jsx": {"path":"C:\\Users\\Dinesh.Peram\\Downloads\\react-admin-dashboard-master (1)\\react-admin-dashboard-master\\src\\components\\componentsAdmin\\ContactRequests\\ContactRequests.jsx","statementMap":{"0":{"start":{"line":6,"column":24},"end":{"line":116,"column":1}},"1":{"start":{"line":7,"column":38},"end":{"line":7,"column":50}},"2":{"start":{"line":8,"column":34},"end":{"line":8,"column":46}},"3":{"start":{"line":9,"column":50},"end":{"line":9,"column":62}},"4":{"start":{"line":10,"column":44},"end":{"line":10,"column":78}},"5":{"start":{"line":12,"column":2},"end":{"line":23,"column":9}},"6":{"start":{"line":13,"column":26},"end":{"line":21,"column":5}},"7":{"start":{"line":14,"column":6},"end":{"line":20,"column":7}},"8":{"start":{"line":15,"column":32},"end":{"line":15,"column":71}},"9":{"start":{"line":16,"column":8},"end":{"line":16,"column":37}},"10":{"start":{"line":17,"column":8},"end":{"line":17,"column":45}},"11":{"start":{"line":19,"column":8},"end":{"line":19,"column":29}},"12":{"start":{"line":22,"column":4},"end":{"line":22,"column":20}},"13":{"start":{"line":25,"column":23},"end":{"line":35,"column":3}},"14":{"start":{"line":26,"column":4},"end":{"line":26,"column":54}},"15":{"start":{"line":27,"column":20},"end":{"line":27,"column":75}},"16":{"start":{"line":29,"column":4},"end":{"line":32,"column":5}},"17":{"start":{"line":30,"column":6},"end":{"line":30,"column":96}},"18":{"start":{"line":30,"column":36},"end":{"line":30,"column":94}},"19":{"start":{"line":30,"column":69},"end":{"line":30,"column":93}},"20":{"start":{"line":31,"column":6},"end":{"line":31,"column":104}},"21":{"start":{"line":31,"column":44},"end":{"line":31,"column":102}},"22":{"start":{"line":31,"column":77},"end":{"line":31,"column":101}},"23":{"start":{"line":34,"column":4},"end":{"line":34,"column":47}},"24":{"start":{"line":38,"column":23},"end":{"line":48,"column":3}},"25":{"start":{"line":39,"column":17},"end":{"line":39,"column":45}},"26":{"start":{"line":40,"column":4},"end":{"line":40,"column":24}},"27":{"start":{"line":41,"column":4},"end":{"line":47,"column":6}},"28":{"start":{"line":43,"column":8},"end":{"line":45,"column":50}},"29":{"start":{"line":50,"column":2},"end":{"line":115,"column":4}},"30":{"start":{"line":88,"column":16},"end":{"line":108,"column":28}},"31":{"start":{"line":94,"column":37},"end":{"line":94,"column":71}},"32":{"start":{"line":101,"column":37},"end":{"line":101,"column":71}}},"fnMap":{"0":{"name":"(anonymous_0)","decl":{"start":{"line":6,"column":24},"end":{"line":6,"column":25}},"loc":{"start":{"line":6,"column":30},"end":{"line":116,"column":1}},"line":6},"1":{"name":"(anonymous_1)","decl":{"start":{"line":12,"column":12},"end":{"line":12,"column":13}},"loc":{"start":{"line":12,"column":18},"end":{"line":23,"column":3}},"line":12},"2":{"name":"(anonymous_2)","decl":{"start":{"line":13,"column":26},"end":{"line":13,"column":27}},"loc":{"start":{"line":13,"column":38},"end":{"line":21,"column":5}},"line":13},"3":{"name":"(anonymous_3)","decl":{"start":{"line":25,"column":23},"end":{"line":25,"column":24}},"loc":{"start":{"line":25,"column":52},"end":{"line":35,"column":3}},"line":25},"4":{"name":"(anonymous_4)","decl":{"start":{"line":30,"column":18},"end":{"line":30,"column":19}},"loc":{"start":{"line":30,"column":36},"end":{"line":30,"column":94}},"line":30},"5":{"name":"(anonymous_5)","decl":{"start":{"line":30,"column":56},"end":{"line":30,"column":57}},"loc":{"start":{"line":30,"column":69},"end":{"line":30,"column":93}},"line":30},"6":{"name":"(anonymous_6)","decl":{"start":{"line":31,"column":26},"end":{"line":31,"column":27}},"loc":{"start":{"line":31,"column":44},"end":{"line":31,"column":102}},"line":31},"7":{"name":"(anonymous_7)","decl":{"start":{"line":31,"column":64},"end":{"line":31,"column":65}},"loc":{"start":{"line":31,"column":77},"end":{"line":31,"column":101}},"line":31},"8":{"name":"(anonymous_8)","decl":{"start":{"line":38,"column":23},"end":{"line":38,"column":24}},"loc":{"start":{"line":38,"column":30},"end":{"line":48,"column":3}},"line":38},"9":{"name":"(anonymous_9)","decl":{"start":{"line":42,"column":22},"end":{"line":42,"column":23}},"loc":{"start":{"line":43,"column":8},"end":{"line":45,"column":50}},"line":43},"10":{"name":"(anonymous_10)","decl":{"start":{"line":87,"column":35},"end":{"line":87,"column":36}},"loc":{"start":{"line":88,"column":16},"end":{"line":108,"column":28}},"line":88},"11":{"name":"(anonymous_11)","decl":{"start":{"line":94,"column":31},"end":{"line":94,"column":32}},"loc":{"start":{"line":94,"column":37},"end":{"line":94,"column":71}},"line":94},"12":{"name":"(anonymous_12)","decl":{"start":{"line":101,"column":31},"end":{"line":101,"column":32}},"loc":{"start":{"line":101,"column":37},"end":{"line":101,"column":71}},"line":101}},"branchMap":{"0":{"loc":{"start":{"line":29,"column":4},"end":{"line":32,"column":5}},"type":"if","locations":[{"start":{"line":29,"column":4},"end":{"line":32,"column":5}},{"start":{},"end":{}}],"line":29},"1":{"loc":{"start":{"line":43,"column":8},"end":{"line":45,"column":50}},"type":"binary-expr","locations":[{"start":{"line":43,"column":8},"end":{"line":43,"column":54}},{"start":{"line":44,"column":8},"end":{"line":44,"column":53}},{"start":{"line":45,"column":8},"end":{"line":45,"column":50}}],"line":43},"2":{"loc":{"start":{"line":82,"column":13},"end":{"line":110,"column":13}},"type":"cond-expr","locations":[{"start":{"line":83,"column":14},"end":{"line":85,"column":19}},{"start":{"line":87,"column":14},"end":{"line":109,"column":16}}],"line":82},"3":{"loc":{"start":{"line":96,"column":32},"end":{"line":96,"column":98}},"type":"binary-expr","locations":[{"start":{"line":96,"column":32},"end":{"line":96,"column":63}},{"start":{"line":96,"column":67},"end":{"line":96,"column":98}}],"line":96},"4":{"loc":{"start":{"line":98,"column":23},"end":{"line":98,"column":149}},"type":"cond-expr","locations":[{"start":{"line":98,"column":92},"end":{"line":98,"column":138}},{"start":{"line":98,"column":141},"end":{"line":98,"column":149}}],"line":98},"5":{"loc":{"start":{"line":98,"column":23},"end":{"line":98,"column":89}},"type":"binary-expr","locations":[{"start":{"line":98,"column":23},"end":{"line":98,"column":54}},{"start":{"line":98,"column":58},"end":{"line":98,"column":89}}],"line":98},"6":{"loc":{"start":{"line":103,"column":32},"end":{"line":103,"column":98}},"type":"binary-expr","locations":[{"start":{"line":103,"column":32},"end":{"line":103,"column":63}},{"start":{"line":103,"column":67},"end":{"line":103,"column":98}}],"line":103},"7":{"loc":{"start":{"line":105,"column":23},"end":{"line":105,"column":149}},"type":"cond-expr","locations":[{"start":{"line":105,"column":92},"end":{"line":105,"column":138}},{"start":{"line":105,"column":141},"end":{"line":105,"column":149}}],"line":105},"8":{"loc":{"start":{"line":105,"column":23},"end":{"line":105,"column":89}},"type":"binary-expr","locations":[{"start":{"line":105,"column":23},"end":{"line":105,"column":54}},{"start":{"line":105,"column":58},"end":{"line":105,"column":89}}],"line":105}},"s":{"0":1,"1":18,"2":18,"3":18,"4":18,"5":18,"6":5,"7":5,"8":5,"9":5,"10":5,"11":0,"12":5,"13":18,"14":3,"15":3,"16":3,"17":3,"18":3,"19":6,"20":3,"21":3,"22":6,"23":3,"24":18,"25":2,"26":2,"27":2,"28":4,"29":18,"30":22,"31":2,"32":1},"f":{"0":18,"1":5,"2":5,"3":3,"4":3,"5":6,"6":3,"7":6,"8":2,"9":4,"10":22,"11":2,"12":1},"b":{"0":[3,0],"1":[4,1,1],"2":[5,13],"3":[22,3],"4":[2,20],"5":[22,3],"6":[22,3],"7":[1,21],"8":[22,3]},"_coverageSchema":"1a1c01bbd47fc00a2c39e90264f33305004495a9","hash":"0b083161dddfb36ae935b6e6eedda3238bfbb64d"}
,"C:\\Users\\Dinesh.Peram\\Downloads\\react-admin-dashboard-master (1)\\react-admin-dashboard-master\\src\\components\\componentsAdmin\\ManagersTable\\ManagersTable.jsx": {"path":"C:\\Users\\Dinesh.Peram\\Downloads\\react-admin-dashboard-master (1)\\react-admin-dashboard-master\\src\\components\\componentsAdmin\\ManagersTable\\ManagersTable.jsx","statementMap":{"0":{"start":{"line":6,"column":22},"end":{"line":136,"column":1}},"1":{"start":{"line":7,"column":38},"end":{"line":7,"column":50}},"2":{"start":{"line":8,"column":34},"end":{"line":8,"column":46}},"3":{"start":{"line":9,"column":50},"end":{"line":9,"column":62}},"4":{"start":{"line":10,"column":42},"end":{"line":10,"column":58}},"5":{"start":{"line":12,"column":2},"end":{"line":24,"column":21}},"6":{"start":{"line":13,"column":26},"end":{"line":21,"column":5}},"7":{"start":{"line":14,"column":6},"end":{"line":20,"column":7}},"8":{"start":{"line":15,"column":21},"end":{"line":15,"column":74}},"9":{"start":{"line":16,"column":8},"end":{"line":16,"column":26}},"10":{"start":{"line":17,"column":8},"end":{"line":17,"column":34}},"11":{"start":{"line":19,"column":8},"end":{"line":19,"column":37}},"12":{"start":{"line":23,"column":4},"end":{"line":23,"column":20}},"13":{"start":{"line":27,"column":23},"end":{"line":36,"column":3}},"14":{"start":{"line":28,"column":17},"end":{"line":28,"column":45}},"15":{"start":{"line":29,"column":4},"end":{"line":29,"column":24}},"16":{"start":{"line":30,"column":21},"end":{"line":34,"column":5}},"17":{"start":{"line":32,"column":8},"end":{"line":33,"column":50}},"18":{"start":{"line":35,"column":4},"end":{"line":35,"column":34}},"19":{"start":{"line":38,"column":2},"end":{"line":135,"column":4}},"20":{"start":{"line":51,"column":29},"end":{"line":51,"column":60}},"21":{"start":{"line":93,"column":14},"end":{"line":129,"column":26}}},"fnMap":{"0":{"name":"(anonymous_0)","decl":{"start":{"line":6,"column":22},"end":{"line":6,"column":23}},"loc":{"start":{"line":6,"column":28},"end":{"line":136,"column":1}},"line":6},"1":{"name":"(anonymous_1)","decl":{"start":{"line":12,"column":12},"end":{"line":12,"column":13}},"loc":{"start":{"line":12,"column":18},"end":{"line":24,"column":3}},"line":12},"2":{"name":"(anonymous_2)","decl":{"start":{"line":13,"column":26},"end":{"line":13,"column":27}},"loc":{"start":{"line":13,"column":38},"end":{"line":21,"column":5}},"line":13},"3":{"name":"(anonymous_3)","decl":{"start":{"line":27,"column":23},"end":{"line":27,"column":24}},"loc":{"start":{"line":27,"column":30},"end":{"line":36,"column":3}},"line":27},"4":{"name":"(anonymous_4)","decl":{"start":{"line":31,"column":6},"end":{"line":31,"column":7}},"loc":{"start":{"line":32,"column":8},"end":{"line":33,"column":50}},"line":32},"5":{"name":"(anonymous_5)","decl":{"start":{"line":51,"column":22},"end":{"line":51,"column":23}},"loc":{"start":{"line":51,"column":29},"end":{"line":51,"column":60}},"line":51},"6":{"name":"(anonymous_6)","decl":{"start":{"line":92,"column":34},"end":{"line":92,"column":35}},"loc":{"start":{"line":93,"column":14},"end":{"line":129,"column":26}},"line":93}},"branchMap":{"0":{"loc":{"start":{"line":32,"column":8},"end":{"line":33,"column":50}},"type":"binary-expr","locations":[{"start":{"line":32,"column":8},"end":{"line":32,"column":53}},{"start":{"line":33,"column":8},"end":{"line":33,"column":50}}],"line":32},"1":{"loc":{"start":{"line":124,"column":96},"end":{"line":124,"column":170}},"type":"cond-expr","locations":[{"start":{"line":124,"column":113},"end":{"line":124,"column":142}},{"start":{"line":124,"column":145},"end":{"line":124,"column":170}}],"line":124},"2":{"loc":{"start":{"line":126,"column":21},"end":{"line":126,"column":59}},"type":"cond-expr","locations":[{"start":{"line":126,"column":38},"end":{"line":126,"column":46}},{"start":{"line":126,"column":49},"end":{"line":126,"column":59}}],"line":126}},"s":{"0":1,"1":11,"2":11,"3":11,"4":11,"5":11,"6":5,"7":5,"8":5,"9":5,"10":5,"11":0,"12":5,"13":11,"14":1,"15":1,"16":1,"17":2,"18":1,"19":11,"20":1,"21":13},"f":{"0":11,"1":5,"2":5,"3":1,"4":2,"5":1,"6":13},"b":{"0":[2,1],"1":[7,6],"2":[7,6]},"_coverageSchema":"1a1c01bbd47fc00a2c39e90264f33305004495a9","hash":"137cad4006bc8a019d5a947c5eda328c7187dd9e"}
,"C:\\Users\\Dinesh.Peram\\Downloads\\react-admin-dashboard-master (1)\\react-admin-dashboard-master\\src\\components\\componentsArtist\\AddSong\\AddSongs.jsx": {"path":"C:\\Users\\Dinesh.Peram\\Downloads\\react-admin-dashboard-master (1)\\react-admin-dashboard-master\\src\\components\\componentsArtist\\AddSong\\AddSongs.jsx","statementMap":{"0":{"start":{"line":6,"column":16},"end":{"line":184,"column":1}},"1":{"start":{"line":7,"column":26},"end":{"line":12,"column":4}},"2":{"start":{"line":14,"column":32},"end":{"line":14,"column":44}},"3":{"start":{"line":15,"column":30},"end":{"line":15,"column":42}},"4":{"start":{"line":17,"column":19},"end":{"line":17,"column":41}},"5":{"start":{"line":18,"column":16},"end":{"line":18,"column":54}},"6":{"start":{"line":20,"column":17},"end":{"line":20,"column":61}},"7":{"start":{"line":22,"column":24},"end":{"line":42,"column":3}},"8":{"start":{"line":23,"column":19},"end":{"line":23,"column":21}},"9":{"start":{"line":25,"column":4},"end":{"line":39,"column":5}},"10":{"start":{"line":26,"column":6},"end":{"line":30,"column":7}},"11":{"start":{"line":27,"column":8},"end":{"line":27,"column":40}},"12":{"start":{"line":28,"column":13},"end":{"line":30,"column":7}},"13":{"start":{"line":29,"column":8},"end":{"line":29,"column":66}},"14":{"start":{"line":31,"column":11},"end":{"line":39,"column":5}},"15":{"start":{"line":32,"column":6},"end":{"line":36,"column":7}},"16":{"start":{"line":33,"column":8},"end":{"line":33,"column":47}},"17":{"start":{"line":34,"column":13},"end":{"line":36,"column":7}},"18":{"start":{"line":35,"column":8},"end":{"line":35,"column":59}},"19":{"start":{"line":37,"column":11},"end":{"line":39,"column":5}},"20":{"start":{"line":38,"column":6},"end":{"line":38,"column":38}},"21":{"start":{"line":41,"column":4},"end":{"line":41,"column":20}},"22":{"start":{"line":44,"column":23},"end":{"line":63,"column":3}},"23":{"start":{"line":45,"column":28},"end":{"line":45,"column":40}},"24":{"start":{"line":48,"column":4},"end":{"line":50,"column":5}},"25":{"start":{"line":49,"column":6},"end":{"line":49,"column":13}},"26":{"start":{"line":53,"column":4},"end":{"line":56,"column":8}},"27":{"start":{"line":53,"column":27},"end":{"line":56,"column":5}},"28":{"start":{"line":59,"column":4},"end":{"line":62,"column":8}},"29":{"start":{"line":59,"column":31},"end":{"line":62,"column":5}},"30":{"start":{"line":65,"column":23},"end":{"line":95,"column":3}},"31":{"start":{"line":66,"column":4},"end":{"line":66,"column":23}},"32":{"start":{"line":69,"column":22},"end":{"line":73,"column":5}},"33":{"start":{"line":75,"column":4},"end":{"line":75,"column":25}},"34":{"start":{"line":78,"column":4},"end":{"line":80,"column":5}},"35":{"start":{"line":78,"column":49},"end":{"line":78,"column":54}},"36":{"start":{"line":79,"column":6},"end":{"line":79,"column":13}},"37":{"start":{"line":82,"column":21},"end":{"line":82,"column":61}},"38":{"start":{"line":83,"column":4},"end":{"line":83,"column":33}},"39":{"start":{"line":85,"column":4},"end":{"line":94,"column":5}},"40":{"start":{"line":86,"column":6},"end":{"line":91,"column":9}},"41":{"start":{"line":92,"column":6},"end":{"line":92,"column":47}},"42":{"start":{"line":93,"column":6},"end":{"line":93,"column":20}},"43":{"start":{"line":97,"column":2},"end":{"line":183,"column":4}},"44":{"start":{"line":167,"column":16},"end":{"line":169,"column":25}}},"fnMap":{"0":{"name":"(anonymous_0)","decl":{"start":{"line":6,"column":16},"end":{"line":6,"column":17}},"loc":{"start":{"line":6,"column":22},"end":{"line":184,"column":1}},"line":6},"1":{"name":"(anonymous_1)","decl":{"start":{"line":22,"column":24},"end":{"line":22,"column":25}},"loc":{"start":{"line":22,"column":41},"end":{"line":42,"column":3}},"line":22},"2":{"name":"(anonymous_2)","decl":{"start":{"line":44,"column":23},"end":{"line":44,"column":24}},"loc":{"start":{"line":44,"column":34},"end":{"line":63,"column":3}},"line":44},"3":{"name":"(anonymous_3)","decl":{"start":{"line":53,"column":12},"end":{"line":53,"column":13}},"loc":{"start":{"line":53,"column":27},"end":{"line":56,"column":5}},"line":53},"4":{"name":"(anonymous_4)","decl":{"start":{"line":59,"column":14},"end":{"line":59,"column":15}},"loc":{"start":{"line":59,"column":31},"end":{"line":62,"column":5}},"line":59},"5":{"name":"(anonymous_5)","decl":{"start":{"line":65,"column":23},"end":{"line":65,"column":24}},"loc":{"start":{"line":65,"column":36},"end":{"line":95,"column":3}},"line":65},"6":{"name":"(anonymous_6)","decl":{"start":{"line":78,"column":38},"end":{"line":78,"column":39}},"loc":{"start":{"line":78,"column":49},"end":{"line":78,"column":54}},"line":78},"7":{"name":"(anonymous_7)","decl":{"start":{"line":166,"column":26},"end":{"line":166,"column":27}},"loc":{"start":{"line":167,"column":16},"end":{"line":169,"column":25}},"line":167}},"branchMap":{"0":{"loc":{"start":{"line":25,"column":4},"end":{"line":39,"column":5}},"type":"if","locations":[{"start":{"line":25,"column":4},"end":{"line":39,"column":5}},{"start":{"line":31,"column":11},"end":{"line":39,"column":5}}],"line":25},"1":{"loc":{"start":{"line":26,"column":6},"end":{"line":30,"column":7}},"type":"if","locations":[{"start":{"line":26,"column":6},"end":{"line":30,"column":7}},{"start":{"line":28,"column":13},"end":{"line":30,"column":7}}],"line":26},"2":{"loc":{"start":{"line":28,"column":13},"end":{"line":30,"column":7}},"type":"if","locations":[{"start":{"line":28,"column":13},"end":{"line":30,"column":7}},{"start":{},"end":{}}],"line":28},"3":{"loc":{"start":{"line":31,"column":11},"end":{"line":39,"column":5}},"type":"if","locations":[{"start":{"line":31,"column":11},"end":{"line":39,"column":5}},{"start":{"line":37,"column":11},"end":{"line":39,"column":5}}],"line":31},"4":{"loc":{"start":{"line":32,"column":6},"end":{"line":36,"column":7}},"type":"if","locations":[{"start":{"line":32,"column":6},"end":{"line":36,"column":7}},{"start":{"line":34,"column":13},"end":{"line":36,"column":7}}],"line":32},"5":{"loc":{"start":{"line":34,"column":13},"end":{"line":36,"column":7}},"type":"if","locations":[{"start":{"line":34,"column":13},"end":{"line":36,"column":7}},{"start":{},"end":{}}],"line":34},"6":{"loc":{"start":{"line":37,"column":11},"end":{"line":39,"column":5}},"type":"if","locations":[{"start":{"line":37,"column":11},"end":{"line":39,"column":5}},{"start":{},"end":{}}],"line":37},"7":{"loc":{"start":{"line":37,"column":15},"end":{"line":37,"column":41}},"type":"binary-expr","locations":[{"start":{"line":37,"column":15},"end":{"line":37,"column":31}},{"start":{"line":37,"column":35},"end":{"line":37,"column":41}}],"line":37},"8":{"loc":{"start":{"line":48,"column":4},"end":{"line":50,"column":5}},"type":"if","locations":[{"start":{"line":48,"column":4},"end":{"line":50,"column":5}},{"start":{},"end":{}}],"line":48},"9":{"loc":{"start":{"line":48,"column":8},"end":{"line":48,"column":56}},"type":"binary-expr","locations":[{"start":{"line":48,"column":8},"end":{"line":48,"column":24}},{"start":{"line":48,"column":28},"end":{"line":48,"column":56}}],"line":48},"10":{"loc":{"start":{"line":78,"column":4},"end":{"line":80,"column":5}},"type":"if","locations":[{"start":{"line":78,"column":4},"end":{"line":80,"column":5}},{"start":{},"end":{}}],"line":78},"11":{"loc":{"start":{"line":85,"column":4},"end":{"line":94,"column":5}},"type":"if","locations":[{"start":{"line":85,"column":4},"end":{"line":94,"column":5}},{"start":{},"end":{}}],"line":85},"12":{"loc":{"start":{"line":101,"column":9},"end":{"line":109,"column":9}},"type":"binary-expr","locations":[{"start":{"line":101,"column":9},"end":{"line":101,"column":16}},{"start":{"line":102,"column":10},"end":{"line":108,"column":14}}],"line":101},"13":{"loc":{"start":{"line":104,"column":14},"end":{"line":104,"column":82}},"type":"cond-expr","locations":[{"start":{"line":104,"column":49},"end":{"line":104,"column":65}},{"start":{"line":104,"column":68},"end":{"line":104,"column":82}}],"line":104},"14":{"loc":{"start":{"line":123,"column":13},"end":{"line":123,"column":83}},"type":"binary-expr","locations":[{"start":{"line":123,"column":13},"end":{"line":123,"column":25}},{"start":{"line":123,"column":29},"end":{"line":123,"column":83}}],"line":123},"15":{"loc":{"start":{"line":139,"column":13},"end":{"line":139,"column":95}},"type":"binary-expr","locations":[{"start":{"line":139,"column":13},"end":{"line":139,"column":31}},{"start":{"line":139,"column":35},"end":{"line":139,"column":95}}],"line":139},"16":{"loc":{"start":{"line":172,"column":13},"end":{"line":172,"column":83}},"type":"binary-expr","locations":[{"start":{"line":172,"column":13},"end":{"line":172,"column":25}},{"start":{"line":172,"column":29},"end":{"line":172,"column":83}}],"line":172}},"s":{"0":1,"1":23,"2":23,"3":23,"4":23,"5":23,"6":23,"7":23,"8":24,"9":24,"10":7,"11":1,"12":6,"13":0,"14":17,"15":7,"16":1,"17":6,"18":2,"19":10,"20":1,"21":24,"22":23,"23":12,"24":12,"25":0,"26":12,"27":12,"28":12,"29":12,"30":23,"31":4,"32":4,"33":4,"34":4,"35":9,"36":2,"37":2,"38":2,"39":2,"40":1,"41":1,"42":1,"43":23,"44":115},"f":{"0":23,"1":24,"2":12,"3":12,"4":12,"5":4,"6":9,"7":115},"b":{"0":[7,17],"1":[1,6],"2":[0,6],"3":[7,10],"4":[1,6],"5":[2,4],"6":[1,9],"7":[10,7],"8":[0,12],"9":[12,3],"10":[2,2],"11":[1,1],"12":[23,2],"13":[1,1],"14":[23,1],"15":[23,5],"16":[23,1]},"_coverageSchema":"1a1c01bbd47fc00a2c39e90264f33305004495a9","hash":"59b4ae74af73d15301731bb86510737c66721db3"}
,"C:\\Users\\Dinesh.Peram\\Downloads\\react-admin-dashboard-master (1)\\react-admin-dashboard-master\\src\\components\\componentsArtist\\AllSongsArtists\\AllSongsArtists.jsx": {"path":"C:\\Users\\Dinesh.Peram\\Downloads\\react-admin-dashboard-master (1)\\react-admin-dashboard-master\\src\\components\\componentsArtist\\AllSongsArtists\\AllSongsArtists.jsx","statementMap":{"0":{"start":{"line":7,"column":24},"end":{"line":123,"column":1}},"1":{"start":{"line":8,"column":38},"end":{"line":8,"column":50}},"2":{"start":{"line":9,"column":28},"end":{"line":9,"column":40}},"3":{"start":{"line":10,"column":44},"end":{"line":10,"column":56}},"4":{"start":{"line":11,"column":32},"end":{"line":11,"column":46}},"5":{"start":{"line":12,"column":28},"end":{"line":12,"column":42}},"6":{"start":{"line":13,"column":36},"end":{"line":13,"column":50}},"7":{"start":{"line":14,"column":40},"end":{"line":14,"column":51}},"8":{"start":{"line":15,"column":23},"end":{"line":15,"column":24}},"9":{"start":{"line":17,"column":2},"end":{"line":31,"column":9}},"10":{"start":{"line":18,"column":21},"end":{"line":28,"column":5}},"11":{"start":{"line":19,"column":6},"end":{"line":27,"column":7}},"12":{"start":{"line":20,"column":21},"end":{"line":20,"column":57}},"13":{"start":{"line":21,"column":8},"end":{"line":21,"column":23}},"14":{"start":{"line":22,"column":8},"end":{"line":22,"column":31}},"15":{"start":{"line":24,"column":8},"end":{"line":24,"column":30}},"16":{"start":{"line":26,"column":8},"end":{"line":26,"column":26}},"17":{"start":{"line":30,"column":4},"end":{"line":30,"column":15}},"18":{"start":{"line":33,"column":23},"end":{"line":40,"column":3}},"19":{"start":{"line":34,"column":17},"end":{"line":34,"column":45}},"20":{"start":{"line":35,"column":4},"end":{"line":35,"column":24}},"21":{"start":{"line":36,"column":4},"end":{"line":38,"column":6}},"22":{"start":{"line":37,"column":29},"end":{"line":37,"column":68}},"23":{"start":{"line":39,"column":4},"end":{"line":39,"column":22}},"24":{"start":{"line":42,"column":21},"end":{"line":52,"column":3}},"25":{"start":{"line":44,"column":4},"end":{"line":50,"column":5}},"26":{"start":{"line":45,"column":6},"end":{"line":45,"column":105}},"27":{"start":{"line":45,"column":54},"end":{"line":45,"column":103}},"28":{"start":{"line":46,"column":6},"end":{"line":46,"column":27}},"29":{"start":{"line":48,"column":6},"end":{"line":48,"column":105}},"30":{"start":{"line":48,"column":54},"end":{"line":48,"column":103}},"31":{"start":{"line":49,"column":6},"end":{"line":49,"column":26}},"32":{"start":{"line":51,"column":4},"end":{"line":51,"column":34}},"33":{"start":{"line":54,"column":27},"end":{"line":57,"column":3}},"34":{"start":{"line":55,"column":4},"end":{"line":55,"column":46}},"35":{"start":{"line":55,"column":39},"end":{"line":55,"column":46}},"36":{"start":{"line":56,"column":4},"end":{"line":56,"column":25}},"37":{"start":{"line":59,"column":21},"end":{"line":59,"column":67}},"38":{"start":{"line":60,"column":23},"end":{"line":60,"column":73}},"39":{"start":{"line":61,"column":33},"end":{"line":61,"column":96}},"40":{"start":{"line":63,"column":2},"end":{"line":63,"column":75}},"41":{"start":{"line":63,"column":15},"end":{"line":63,"column":75}},"42":{"start":{"line":64,"column":2},"end":{"line":64,"column":71}},"43":{"start":{"line":64,"column":13},"end":{"line":64,"column":71}},"44":{"start":{"line":66,"column":2},"end":{"line":122,"column":4}},"45":{"start":{"line":91,"column":14},"end":{"line":97,"column":26}},"46":{"start":{"line":105,"column":95},"end":{"line":105,"column":128}},"47":{"start":{"line":108,"column":67},"end":{"line":108,"column":80}},"48":{"start":{"line":109,"column":10},"end":{"line":115,"column":19}},"49":{"start":{"line":112,"column":27},"end":{"line":112,"column":52}},"50":{"start":{"line":117,"column":95},"end":{"line":117,"column":128}}},"fnMap":{"0":{"name":"(anonymous_0)","decl":{"start":{"line":7,"column":24},"end":{"line":7,"column":25}},"loc":{"start":{"line":7,"column":30},"end":{"line":123,"column":1}},"line":7},"1":{"name":"(anonymous_1)","decl":{"start":{"line":17,"column":12},"end":{"line":17,"column":13}},"loc":{"start":{"line":17,"column":18},"end":{"line":31,"column":3}},"line":17},"2":{"name":"(anonymous_2)","decl":{"start":{"line":18,"column":21},"end":{"line":18,"column":22}},"loc":{"start":{"line":18,"column":33},"end":{"line":28,"column":5}},"line":18},"3":{"name":"(anonymous_3)","decl":{"start":{"line":33,"column":23},"end":{"line":33,"column":24}},"loc":{"start":{"line":33,"column":30},"end":{"line":40,"column":3}},"line":33},"4":{"name":"(anonymous_4)","decl":{"start":{"line":37,"column":19},"end":{"line":37,"column":20}},"loc":{"start":{"line":37,"column":29},"end":{"line":37,"column":68}},"line":37},"5":{"name":"(anonymous_5)","decl":{"start":{"line":42,"column":21},"end":{"line":42,"column":22}},"loc":{"start":{"line":42,"column":27},"end":{"line":52,"column":3}},"line":42},"6":{"name":"(anonymous_6)","decl":{"start":{"line":45,"column":44},"end":{"line":45,"column":45}},"loc":{"start":{"line":45,"column":54},"end":{"line":45,"column":103}},"line":45},"7":{"name":"(anonymous_7)","decl":{"start":{"line":48,"column":44},"end":{"line":48,"column":45}},"loc":{"start":{"line":48,"column":54},"end":{"line":48,"column":103}},"line":48},"8":{"name":"(anonymous_8)","decl":{"start":{"line":54,"column":27},"end":{"line":54,"column":28}},"loc":{"start":{"line":54,"column":37},"end":{"line":57,"column":3}},"line":54},"9":{"name":"(anonymous_9)","decl":{"start":{"line":90,"column":30},"end":{"line":90,"column":31}},"loc":{"start":{"line":91,"column":14},"end":{"line":97,"column":26}},"line":91},"10":{"name":"(anonymous_10)","decl":{"start":{"line":105,"column":89},"end":{"line":105,"column":90}},"loc":{"start":{"line":105,"column":95},"end":{"line":105,"column":128}},"line":105},"11":{"name":"(anonymous_11)","decl":{"start":{"line":108,"column":57},"end":{"line":108,"column":58}},"loc":{"start":{"line":108,"column":67},"end":{"line":108,"column":80}},"line":108},"12":{"name":"(anonymous_12)","decl":{"start":{"line":108,"column":86},"end":{"line":108,"column":87}},"loc":{"start":{"line":109,"column":10},"end":{"line":115,"column":19}},"line":109},"13":{"name":"(anonymous_13)","decl":{"start":{"line":112,"column":21},"end":{"line":112,"column":22}},"loc":{"start":{"line":112,"column":27},"end":{"line":112,"column":52}},"line":112},"14":{"name":"(anonymous_14)","decl":{"start":{"line":117,"column":89},"end":{"line":117,"column":90}},"loc":{"start":{"line":117,"column":95},"end":{"line":117,"column":128}},"line":117}},"branchMap":{"0":{"loc":{"start":{"line":44,"column":4},"end":{"line":50,"column":5}},"type":"if","locations":[{"start":{"line":44,"column":4},"end":{"line":50,"column":5}},{"start":{"line":47,"column":11},"end":{"line":50,"column":5}}],"line":44},"1":{"loc":{"start":{"line":55,"column":4},"end":{"line":55,"column":46}},"type":"if","locations":[{"start":{"line":55,"column":4},"end":{"line":55,"column":46}},{"start":{},"end":{}}],"line":55},"2":{"loc":{"start":{"line":55,"column":8},"end":{"line":55,"column":37}},"type":"binary-expr","locations":[{"start":{"line":55,"column":8},"end":{"line":55,"column":16}},{"start":{"line":55,"column":20},"end":{"line":55,"column":37}}],"line":55},"3":{"loc":{"start":{"line":63,"column":2},"end":{"line":63,"column":75}},"type":"if","locations":[{"start":{"line":63,"column":2},"end":{"line":63,"column":75}},{"start":{},"end":{}}],"line":63},"4":{"loc":{"start":{"line":64,"column":2},"end":{"line":64,"column":71}},"type":"if","locations":[{"start":{"line":64,"column":2},"end":{"line":64,"column":71}},{"start":{},"end":{}}],"line":64},"5":{"loc":{"start":{"line":84,"column":30},"end":{"line":84,"column":103}},"type":"cond-expr","locations":[{"start":{"line":84,"column":52},"end":{"line":84,"column":75}},{"start":{"line":84,"column":78},"end":{"line":84,"column":103}}],"line":84},"6":{"loc":{"start":{"line":96,"column":83},"end":{"line":96,"column":110}},"type":"binary-expr
[...]
:40}},"type":"if","locations":[{"start":{"line":48,"column":8},"end":{"line":48,"column":40}},{"start":{},"end":{}}],"line":48},"2":{"loc":{"start":{"line":92,"column":15},"end":{"line":92,"column":85}},"type":"cond-expr","locations":[{"start":{"line":92,"column":36},"end":{"line":92,"column":78}},{"start":{"line":92,"column":81},"end":{"line":92,"column":85}}],"line":92},"3":{"loc":{"start":{"line":97,"column":15},"end":{"line":97,"column":79}},"type":"cond-expr","locations":[{"start":{"line":97,"column":33},"end":{"line":97,"column":72}},{"start":{"line":97,"column":75},"end":{"line":97,"column":79}}],"line":97},"4":{"loc":{"start":{"line":114,"column":8},"end":{"line":116,"column":9}},"type":"if","locations":[{"start":{"line":114,"column":8},"end":{"line":116,"column":9}},{"start":{},"end":{}}],"line":114},"5":{"loc":{"start":{"line":122,"column":8},"end":{"line":125,"column":9}},"type":"if","locations":[{"start":{"line":122,"column":8},"end":{"line":125,"column":9}},{"start":{},"end":{}}],"line":122},"6":{"loc":{"start":{"line":132,"column":31},"end":{"line":132,"column":50}},"type":"binary-expr","locations":[{"start":{"line":132,"column":31},"end":{"line":132,"column":44}},{"start":{"line":132,"column":48},"end":{"line":132,"column":50}}],"line":132},"7":{"loc":{"start":{"line":139,"column":39},"end":{"line":139,"column":82}},"type":"binary-expr","locations":[{"start":{"line":139,"column":39},"end":{"line":139,"column":74}},{"start":{"line":139,"column":78},"end":{"line":139,"column":82}}],"line":139},"8":{"loc":{"start":{"line":156,"column":12},"end":{"line":159,"column":13}},"type":"if","locations":[{"start":{"line":156,"column":12},"end":{"line":159,"column":13}},{"start":{},"end":{}}],"line":156},"9":{"loc":{"start":{"line":244,"column":70},"end":{"line":244,"column":93}},"type":"binary-expr","locations":[{"start":{"line":244,"column":70},"end":{"line":244,"column":84}},{"start":{"line":244,"column":88},"end":{"line":244,"column":93}}],"line":244},"10":{"loc":{"start":{"line":245,"column":24},"end":{"line":245,"column":77}},"type":"binary-expr","locations":[{"start":{"line":245,"column":24},"end":{"line":245,"column":53}},{"start":{"line":245,"column":57},"end":{"line":245,"column":77}}],"line":245},"11":{"loc":{"start":{"line":320,"column":28},"end":{"line":320,"column":88}},"type":"binary-expr","locations":[{"start":{"line":320,"column":28},"end":{"line":320,"column":57}},{"start":{"line":320,"column":61},"end":{"line":320,"column":88}}],"line":320},"12":{"loc":{"start":{"line":368,"column":8},"end":{"line":371,"column":9}},"type":"if","locations":[{"start":{"line":368,"column":8},"end":{"line":371,"column":9}},{"start":{},"end":{}}],"line":368},"13":{"loc":{"start":{"line":378,"column":48},"end":{"line":378,"column":100}},"type":"cond-expr","locations":[{"start":{"line":378,"column":65},"end":{"line":378,"column":84}},{"start":{"line":378,"column":87},"end":{"line":378,"column":100}}],"line":378},"14":{"loc":{"start":{"line":385,"column":8},"end":{"line":388,"column":9}},"type":"if","locations":[{"start":{"line":385,"column":8},"end":{"line":388,"column":9}},{"start":{},"end":{}}],"line":385},"15":{"loc":{"start":{"line":389,"column":8},"end":{"line":392,"column":9}},"type":"if","locations":[{"start":{"line":389,"column":8},"end":{"line":392,"column":9}},{"start":{},"end":{}}],"line":389},"16":{"loc":{"start":{"line":393,"column":8},"end":{"line":396,"column":9}},"type":"if","locations":[{"start":{"line":393,"column":8},"end":{"line":396,"column":9}},{"start":{},"end":{}}],"line":393},"17":{"loc":{"start":{"line":405,"column":26},"end":{"line":405,"column":75}},"type":"binary-expr","locations":[{"start":{"line":405,"column":26},"end":{"line":405,"column":39}},{"start":{"line":405,"column":43},"end":{"line":405,"column":75}}],"line":405},"18":{"loc":{"start":{"line":408,"column":55},"end":{"line":408,"column":107}},"type":"cond-expr","locations":[{"start":{"line":408,"column":72},"end":{"line":408,"column":91}},{"start":{"line":408,"column":94},"end":{"line":408,"column":107}}],"line":408},"19":{"loc":{"start":{"line":409,"column":56},"end":{"line":409,"column":97}},"type":"cond-expr","locations":[{"start":{"line":409,"column":73},"end":{"line":409,"column":92}},{"start":{"line":409,"column":95},"end":{"line":409,"column":97}}],"line":409},"20":{"loc":{"start":{"line":464,"column":8},"end":{"line":467,"column":9}},"type":"if","locations":[{"start":{"line":464,"column":8},"end":{"line":467,"column":9}},{"start":{},"end":{}}],"line":464},"21":{"loc":{"start":{"line":484,"column":8},"end":{"line":487,"column":9}},"type":"if","locations":[{"start":{"line":484,"column":8},"end":{"line":487,"column":9}},{"start":{},"end":{}}],"line":484},"22":{"loc":{"start":{"line":491,"column":8},"end":{"line":499,"column":9}},"type":"if","locations":[{"start":{"line":491,"column":8},"end":{"line":499,"column":9}},{"start":{"line":494,"column":15},"end":{"line":499,"column":9}}],"line":491},"23":{"loc":{"start":{"line":673,"column":20},"end":{"line":676,"column":21}},"type":"if","locations":[{"start":{"line":673,"column":20},"end":{"line":676,"column":21}},{"start":{},"end":{}}],"line":673},"24":{"loc":{"start":{"line":673,"column":24},"end":{"line":673,"column":73}},"type":"binary-expr","locations":[{"start":{"line":673,"column":24},"end":{"line":673,"column":38}},{"start":{"line":673,"column":42},"end":{"line":673,"column":73}}],"line":673},"25":{"loc":{"start":{"line":720,"column":16},"end":{"line":722,"column":73}},"type":"cond-expr","locations":[{"start":{"line":721,"column":22},"end":{"line":721,"column":84}},{"start":{"line":722,"column":22},"end":{"line":722,"column":73}}],"line":720},"26":{"loc":{"start":{"line":726,"column":12},"end":{"line":733,"column":13}},"type":"if","locations":[{"start":{"line":726,"column":12},"end":{"line":733,"column":13}},{"start":{},"end":{}}],"line":726},"27":{"loc":{"start":{"line":727,"column":16},"end":{"line":732,"column":17}},"type":"if","locations":[{"start":{"line":727,"column":16},"end":{"line":732,"column":17}},{"start":{"line":729,"column":23},"end":{"line":732,"column":17}}],"line":727},"28":{"loc":{"start":{"line":782,"column":12},"end":{"line":785,"column":13}},"type":"if","locations":[{"start":{"line":782,"column":12},"end":{"line":785,"column":13}},{"start":{},"end":{}}],"line":782},"29":{"loc":{"start":{"line":798,"column":12},"end":{"line":801,"column":13}},"type":"if","locations":[{"start":{"line":798,"column":12},"end":{"line":801,"column":13}},{"start":{},"end":{}}],"line":798},"30":{"loc":{"start":{"line":813,"column":12},"end":{"line":816,"column":13}},"type":"if","locations":[{"start":{"line":813,"column":12},"end":{"line":816,"column":13}},{"start":{},"end":{}}],"line":813},"31":{"loc":{"start":{"line":830,"column":12},"end":{"line":833,"column":13}},"type":"if","locations":[{"start":{"line":830,"column":12},"end":{"line":833,"column":13}},{"start":{},"end":{}}],"line":830},"32":{"loc":{"start":{"line":848,"column":12},"end":{"line":851,"column":13}},"type":"if","locations":[{"start":{"line":848,"column":12},"end":{"line":851,"column":13}},{"start":{},"end":{}}],"line":848},"33":{"loc":{"start":{"line":867,"column":12},"end":{"line":870,"column":13}},"type":"if","locations":[{"start":{"line":867,"column":12},"end":{"line":870,"column":13}},{"start":{},"end":{}}],"line":867},"34":{"loc":{"start":{"line":898,"column":12},"end":{"line":898,"column":92}},"type":"if","locations":[{"start":{"line":898,"column":12},"end":{"line":898,"column":92}},{"start":{},"end":{}}],"line":898},"35":{"loc":{"start":{"line":913,"column":25},"end":{"line":913,"column":56}},"type":"binary-expr","locations":[{"start":{"line":913,"column":25},"end":{"line":913,"column":51}},{"start":{"line":913,"column":55},"end":{"line":913,"column":56}}],"line":913},"36":{"loc":{"start":{"line":923,"column":12},"end":{"line":926,"column":13}},"type":"if","locations":[{"start":{"line":923,"column":12},"end":{"line":926,"column":13}},{"start":{},"end":{}}],"line":923},"37":{"loc":{"start":{"line":1010,"column":12},"end":{"line":1013,"column":13}},"type":"if","locations":[{"start":{"line":1010,"column":12},"end":{"line":1013,"column":13}},{"start":{},"end":{}}],"line":1010},"38":{"loc":{"start":{"line":1016,"column":57},"end":{"line":1016,"column":98}},"type":"cond-expr","locations":[{"start":{"line":1016,"column":74},"end":{"line":1016,"column":93}},{"start":{"line":1016,"column":96},"end":{"line":1016,"column":98}}],"line":1016},"39":{"loc":{"start":{"line":1027,"column":12},"end":{"line":1033,"column":13}},"type":"if","locations":[{"start":{"line":1027,"column":12},"end":{"line":1033,"column":13}},{"start":{"line":1030,"column":19},"end":{"line":1033,"column":13}}],"line":1027}},"s":{"0":19,"1":19,"2":19,"3":19,"4":19,"5":19,"6":19,"7":19,"8":19,"9":11,"10":10,"11":10,"12":11,"13":11,"14":3,"15":8,"16":0,"17":0,"18":0,"19":0,"20":0,"21":0,"22":0,"23":0,"24":0,"25":0,"26":9,"27":9,"28":1,"29":1,"30":1,"31":1,"32":1,"33":1,"34":1,"35":1,"36":1,"37":0,"38":0,"39":0,"40":1,"41":1,"42":2,"43":2,"44":1,"45":1,"46":1,"47":1,"48":1,"49":1,"50":1,"51":1,"52":1,"53":0,"54":0,"55":1,"56":1,"57":1,"58":1,"59":1,"60":1,"61":1,"62":0,"63":0,"64":1,"65":0,"66":0,"67":0,"68":0,"69":0,"70":0,"71":0,"72":0,"73":0,"74":0,"75":0,"76":0,"77":0,"78":0,"79":0,"80":0,"81":1,"82":1,"83":1,"84":1,"85":1,"86":0,"87":0,"88":0,"89":0,"90":0,"91":0,"92":0,"93":0,"94":0,"95":0,"96":0,"97":0,"98":0,"99":0,"100":0,"101":0,"102":0,"103":0,"104":0,"105":0,"106":0,"107":0,"108":0,"109":0,"110":0,"111":0,"112":0,"113":0,"114":0,"115":0,"116":0,"117":0,"118":0,"119":0,"120":0,"121":0,"122":0,"123":0,"124":0,"125":0,"126":0,"127":0,"128":0,"129":0,"130":0,"131":0,"132":0,"133":0,"134":0,"135":0,"136":0,"137":0,"138":0,"139":0,"140":0,"141":0,"142":0,"143":0,"144":0,"145":0,"146":0,"147":0,"148":0,"149":0,"150":0,"151":0,"152":0,"153":0,"154":0,"155":0,"156":0,"157":0,"158":0,"159":0,"160":0,"161":0,"162":0,"163":0,"164":0,"165":0,"166":0,"167":0,"168":0,"169":0,"170":0,"171":0,"172":0,"173":0,"174":0,"175":0,"176":0,"177":0,"178":0,"179":0,"180":0,"181":0,"182":0,"183":0,"184":0,"185":0,"186":0,"187":0,"188":0,"189":0,"190":0,"191":0,"192":0,"193":1,"194":1,"195":0,"196":0,"197":0,"198":0,"199":0,"200":0,"201":0,"202":0,"203":0,"204":0,"205":0,"206":0,"207":0,"208":0,"209":0,"210":0,"211":0,"212":0,"213":0,"214":0,"215":0,"216":0,"217":0,"218":0,"219":0,"220":0,"221":0,"222":0,"223":0,"224":0,"225":0,"226":0,"227":0,"228":0,"229":0,"230":0,"231":0,"232":0,"233":0,"234":0,"235":0,"236":0,"237":0,"238":0,"239":0,"240":0,"241":0,"242":0,"243":0,"244":0,"245":0,"246":0,"247":0,"248":0,"249":0,"250":0,"251":0,"252":0,"253":0,"254":0,"255":0,"256":0,"257":0,"258":0,"259":0,"260":0,"261":0,"262":0,"263":0,"264":0,"265":0,"266":0,"267":0,"268":0,"269":0,"270":0,"271":0,"272":0,"273":0,"274":0,"275":0,"276":0,"277":0,"278":0,"279":0,"280":0,"281":0,"282":0,"283":0,"284":0,"285":0,"286":0,"287":0,"288":0,"289":0,"290":0,"291":0,"292":0,"293":0,"294":0,"295":0,"296":0,"297":0,"298":0,"299":0,"300":0,"301":0,"302":0,"303":0,"304":0,"305":0,"306":0,"307":0,"308":0,"309":0,"310":0,"311":0,"312":0,"313":0,"314":0,"315":0,"316":0,"317":0,"318":0,"319":0,"320":0,"321":0,"322":0,"323":0,"324":0,"325":0,"326":0,"327":0,"328":0,"329":0,"330":0,"331":0,"332":0,"333":0,"334":0,"335":0,"336":0,"337":0,"338":0,"339":0,"340":0,"341":0,"342":0,"343":0,"344":0,"345":0,"346":0,"347":0,"348":0,"349":0,"350":0,"351":0,"352":0,"353":0,"354":0,"355":0,"356":0,"357":0,"358":0,"359":0,"360":0,"361":0,"362":0,"363":0,"364":0,"365":0,"366":0,"367":0,"368":0,"369":0,"370":0,"371":0,"372":0,"373":0,"374":0,"375":0,"376":0,"377":0,"378":0,"379":0,"380":0,"381":0,"382":0,"383":0,"384":0,"385":0,"386":0,"387":0,"388":0,"389":0,"390":0,"391":0,"392":0,"393":0,"394":0,"395":0,"396":0,"397":0,"398":0,"399":0,"400":0,"401":0,"402":0,"403":0,"404":0,"405":0,"406":0,"407":0,"408":0,"409":0,"410":0,"411":0,"412":0,"413":0,"414":0,"415":0,"416":0,"417":0,"418":0,"419":0,"420":0,"421":0,"422":0,"423":0,"424":0,"425":0,"426":0,"427":0,"428":0,"429":0,"430":0,"431":0,"432":0,"433":0,"434":0,"435":0,"436":0,"437":0,"438":0,"439":0,"440":0,"441":0,"442":0,"443":0,"444":0,"445":0,"446":0,"447":0,"448":0,"449":0,"450":0,"451":0,"452":0,"453":0,"454":0,"455":0,"456":0,"457":0,"458":0,"459":0,"460":0},"f":{"0":11,"1":10,"2":11,"3":0,"4":0,"5":0,"6":0,"7":9,"8":1,"9":1,"10":0,"11":0,"12":1,"13":2,"14":1,"15":1,"16":0,"17":0,"18":1,"19":0,"20":0,"21":0,"22":0,"23":0,"24":0,"25":0,"26":0,"27":0,"28":0,"29":0,"30":0,"31":0,"32":0,"33":0,"34":0,"35":0,"36":0,"37":0,"38":0,"39":0,"40":1,"41":0,"42":0,"43":0,"44":0,"45":0,"46":0,"47":0,"48":0,"49":0,"50":0,"51":0,"52":0,"53":0,"54":0,"55":0,"56":0,"57":0,"58":0,"59":0,"60":0,"61":0,"62":0,"63":0,"64":0,"65":0,"66":0,"67":0,"68":0,"69":0,"70":0,"71":0,"72":0,"73":0,"74":0,"75":0,"76":0,"77":0,"78":0,"79":0,"80":0,"81":0,"82":0,"83":0,"84":0},"b":{"0":[3,8],"1":[0,0],"2":[0,0],"3":[1,0],"4":[1,0],"5":[0,1],"6":[1,0],"7":[1,0],"8":[0,0],"9":[0,0],"10":[0,0],"11":[0,0],"12":[0,0],"13":[0,0],"14":[0,0],"15":[0,0],"16":[0,0],"17":[0,0],"18":[0,0],"19":[0,0],"20":[0,0],"21":[0,0],"22":[0,0],"23":[0,0],"24":[0,0],"25":[0,0],"26":[0,0],"27":[0,0],"28":[0,0],"29":[0,0],"30":[0,0],"31":[0,0],"32":[0,0],"33":[0,0],"34":[0,0],"35":[0,0],"36":[0,0],"37":[0,0],"38":[0,0],"39":[0,0]},"_coverageSchema":"1a1c01bbd47fc00a2c39e90264f33305004495a9","hash":"fac28bbed31a58cbe20cecbe04c56a5d8b513f03"}
,"C:\\Users\\Dinesh.Peram\\Downloads\\react-admin-dashboard-master (1)\\react-admin-dashboard-master\\src\\utils\\Paginate.jsx": {"path":"C:\\Users\\Dinesh.Peram\\Downloads\\react-admin-dashboard-master (1)\\react-admin-dashboard-master\\src\\utils\\Paginate.jsx","statementMap":{"0":{"start":{"line":1,"column":24},"end":{"line":4,"column":3}},"1":{"start":{"line":2,"column":23},"end":{"line":2,"column":51}},"2":{"start":{"line":3,"column":4},"end":{"line":3,"column":58}},"3":{"start":{"line":6,"column":32},"end":{"line":16,"column":3}},"4":{"start":{"line":7,"column":23},"end":{"line":7,"column":55}},"5":{"start":{"line":8,"column":20},"end":{"line":8,"column":48}},"6":{"start":{"line":9,"column":18},"end":{"line":9,"column":53}},"7":{"start":{"line":11,"column":4},"end":{"line":13,"column":5}},"8":{"start":{"line":12,"column":6},"end":{"line":12,"column":43}},"9":{"start":{"line":15,"column":4},"end":{"line":15,"column":46}}},"fnMap":{"0":{"name":"(anonymous_0)","decl":{"start":{"line":1,"column":24},"end":{"line":1,"column":25}},"loc":{"start":{"line":1,"column":58},"end":{"line":4,"column":3}},"line":1},"1":{"name":"(anonymous_1)","decl":{"start":{"line":6,"column":32},"end":{"line":6,"column":33}},"loc":{"start":{"line":6,"column":71},"end":{"line":16,"column":3}},"line":6}},"branchMap":{"0":{"loc":{"start":{"line":11,"column":4},"end":{"line":13,"column":5}},"type":"if","locations":[{"start":{"line":11,"column":4},"end":{"line":13,"column":5}},{"start":{},"end":{}}],"line":11}},"s":{"0":3,"1":61,"2":61,"3":3,"4":61,"5":61,"6":61,"7":61,"8":61,"9":61},"f":{"0":61,"1":61},"b":{"0":[61,0]},"_coverageSchema":"1a1c01bbd47fc00a2c39e90264f33305004495a9","hash":"5bc68ad966da4737976727c567445616bff69c8f"}
,"C:\\Users\\Dinesh.Peram\\Downloads\\react-admin-dashboard-master (1)\\react-admin-dashboard-master\\src\\utils\\SortFilter.jsx": {"path":"C:\\Users\\Dinesh.Peram\\Downloads\\react-admin-dashboard-master (1)\\react-admin-dashboard-master\\src\\utils\\SortFilter.jsx","statementMap":{"0":{"start":{"line":1,"column":32},"end":{"line":9,"column":3}},"1":{"start":{"line":2,"column":4},"end":{"line":8,"column":7}},"2":{"start":{"line":3,"column":6},"end":{"line":7,"column":7}},"3":{"start":{"line":4,"column":8},"end":{"line":4,"column":44}},"4":{"start":{"line":6,"column":8},"end":{"line":6,"column":44}},"5":{"start":{"line":11,"column":31},"end":{"line":16,"column":3}},"6":{"start":{"line":12,"column":4},"end":{"line":12,"column":42}},"7":{"start":{"line":12,"column":22},"end":{"line":12,"column":42}},"8":{"start":{"line":13,"column":4},"end":{"line":15,"column":6}},"9":{"start":{"line":14,"column":6},"end":{"line":14,"column":85}},"10":{"start":{"line":19,"column":36},"end":{"line":35,"column":3}},"11":{"start":{"line":20,"column":4},"end":{"line":34,"column":7}},"12":{"start":{"line":21,"column":35},"end":{"line":23,"column":14}},"13":{"start":{"line":25,"column":32},"end":{"line":27,"column":14}},"14":{"start":{"line":29,"column":26},"end":{"line":31,"column":14}},"15":{"start":{"line":33,"column":6},"end":{"line":33,"column":70}}},"fnMap":{"0":{"name":"(anonymous_0)","decl":{"start":{"line":1,"column":32},"end":{"line":1,"column":33}},"loc":{"start":{"line":1,"column":64},"end":{"line":9,"column":3}},"line":1},"1":{"name":"(anonymous_1)","decl":{"start":{"line":2,"column":34},"end":{"line":2,"column":35}},"loc":{"start":{"line":2,"column":44},"end":{"line":8,"column":5}},"line":2},"2":{"name":"(anonymous_2)","decl":{"start":{"line":11,"column":31},"end":{"line":11,"column":32}},"loc":{"start":{"line":11,"column":69},"end":{"line":16,"column":3}},"line":11},"3":{"name":"(anonymous_3)","decl":{"start":{"line":13,"column":31},"end":{"line":13,"column":32}},"loc":{"start":{"line":14,"column":6},"end":{"line":14,"column":85}},"line":14},"4":{"name":"(anonymous_4)","decl":{"start":{"line":19,"column":36},"end":{"line":19,"column":37}},"loc":{"start":{"line":19,"column":94},"end":{"line":35,"column":3}},"line":19},"5":{"name":"(anonymous_5)","decl":{"start":{"line":20,"column":31},"end":{"line":20,"column":32}},"loc":{"start":{"line":20,"column":48},"end":{"line":34,"column":5}},"line":20}},"branchMap":{"0":{"loc":{"start":{"line":3,"column":6},"end":{"line":7,"column":7}},"type":"if","locations":[{"start":{"line":3,"column":6},"end":{"line":7,"column":7}},{"start":{"line":5,"column":13},"end":{"line":7,"column":7}}],"line":3},"1":{"loc":{"start":{"line":4,"column":15},"end":{"line":4,"column":43}},"type":"cond-expr","locations":[{"start":{"line":4,"column":37},"end":{"line":4,"column":38}},{"start":{"line":4,"column":41},"end":{"line":4,"column":43}}],"line":4},"2":{"loc":{"start":{"line":6,"column":15},"end":{"line":6,"column":43}},"type":"cond-expr","locations":[{"start":{"line":6,"column":37},"end":{"line":6,"column":38}},{"start":{"line":6,"column":41},"end":{"line":6,"column":43}}],"line":6},"3":{"loc":{"start":{"line":12,"column":4},"end":{"line":12,"column":42}},"type":"if","locations":[{"start":{"line":12,"column":4},"end":{"line":12,"column":42}},{"start":{},"end":{}}],"line":12},"4":{"loc":{"start":{"line":21,"column":35},"end":{"line":23,"column":14}},"type":"cond-expr","locations":[{"start":{"line":22,"column":10},"end":{"line":22,"column":95}},{"start":{"line":23,"column":10},"end":{"line":23,"column":14}}],"line":21},"5":{"loc":{"start":{"line":25,"column":32},"end":{"line":27,"column":14}},"type":"cond-expr","locations":[{"start":{"line":26,"column":10},"end":{"line":26,"column":94}},{"start":{"line":27,"column":10},"end":{"line":27,"column":14}}],"line":25},"6":{"loc":{"start":{"line":29,"column":26},"end":{"line":31,"column":14}},"type":"cond-expr","locations":[{"start":{"line":30,"column":10},"end":{"line":30,"column":89}},{"start":{"line":31,"column":10},"end":{"line":31,"column":14}}],"line":29},"7":{"loc":{"start":{"line":33,"column":13},"end":{"line":33,"column":69}},"type":"binary-expr","locations":[{"start":{"line":33,"column":13},"end":{"line":33,"column":33}},{"start":{"line":33,"column":37},"end":{"line":33,"column":54}},{"start":{"line":33,"column":58},"end":{"line":33,"column":69}}],"line":33}},"s":{"0":2,"1":31,"2":44,"3":43,"4":1,"5":2,"6":0,"7":0,"8":0,"9":0,"10":2,"11":13,"12":42,"13":42,"14":42,"15":42},"f":{"0":31,"1":44,"2":0,"3":0,"4":13,"5":42},"b":{"0":[43,1],"1":[38,5],"2":[0,1],"3":[0,0],"4":[6,36],"5":[6,36],"6":[0,42],"7":[42,37,32]},"_coverageSchema":"1a1c01bbd47fc00a2c39e90264f33305004495a9","hash":"7e3efe846f00c775c780f1995044c6fb07806367"}
}
