TN:
SF:src\App.jsx
FN:42,App
FN:46,(anonymous_1)
FNF:2
FNH:2
FNDA:32,App
FNDA:31,(anonymous_1)
DA:43,32
DA:44,32
DA:45,32
DA:46,32
DA:47,31
DA:50,32
LF:6
LH:6
BRDA:53,0,0,32
BRDA:53,0,1,24
BRDA:60,1,0,32
BRDA:60,1,1,24
BRDA:60,1,2,22
BRF:5
BRH:5
end_of_record
TN:
SF:src\components\componentsAdmin\AddUser\AddUser.jsx
FN:5,(anonymous_0)
FN:23,(anonymous_1)
FN:59,(anonymous_2)
FN:62,(anonymous_3)
FN:74,(anonymous_4)
FN:76,(anonymous_5)
FN:229,(anonymous_6)
FNF:7
FNH:7
FNDA:26,(anonymous_0)
FNDA:16,(anonymous_1)
FNDA:16,(anonymous_2)
FNDA:16,(anonymous_3)
FNDA:1,(anonymous_4)
FNDA:9,(anonymous_5)
FNDA:53,(anonymous_6)
DA:5,1
DA:6,26
DA:19,26
DA:20,26
DA:21,26
DA:23,26
DA:24,16
DA:26,16
DA:27,1
DA:30,16
DA:31,3
DA:32,3
DA:33,1
DA:37,16
DA:38,1
DA:41,16
DA:42,3
DA:43,3
DA:44,2
DA:48,16
DA:49,2
DA:50,2
DA:51,1
DA:55,16
DA:56,0
DA:59,16
DA:62,26
DA:63,16
DA:65,16
DA:66,2
DA:67,2
DA:70,16
DA:71,16
DA:74,26
DA:75,1
DA:76,9
DA:77,1
DA:78,1
DA:79,1
DA:80,1
DA:82,1
DA:83,1
DA:95,1
DA:97,1
DA:100,26
DA:111,26
DA:229,53
LF:47
LH:46
BRDA:26,0,0,1
BRDA:26,0,1,15
BRDA:26,1,0,16
BRDA:26,1,1,2
BRDA:30,2,0,3
BRDA:30,2,1,13
BRDA:32,3,0,1
BRDA:32,3,1,2
BRDA:37,4,0,1
BRDA:37,4,1,15
BRDA:37,5,0,16
BRDA:37,5,1,2
BRDA:41,6,0,3
BRDA:41,6,1,13
BRDA:43,7,0,2
BRDA:43,7,1,1
BRDA:48,8,0,2
BRDA:48,8,1,14
BRDA:50,9,0,1
BRDA:50,9,1,1
BRDA:55,10,0,0
BRDA:55,10,1,16
BRDA:55,11,0,16
BRDA:55,11,1,1
BRDA:65,12,0,2
BRDA:65,12,1,14
BRDA:66,13,0,0
BRDA:66,13,1,2
BRDA:67,14,0,0
BRDA:67,14,1,2
BRDA:77,15,0,0
BRDA:77,15,1,1
BRDA:82,16,0,1
BRDA:82,16,1,0
BRDA:102,17,0,1
BRDA:102,17,1,25
BRDA:148,18,0,26
BRDA:148,18,1,2
BRDA:160,19,0,26
BRDA:160,19,1,1
BRDA:172,20,0,26
BRDA:172,20,1,1
BRDA:184,21,0,26
BRDA:184,21,1,1
BRDA:196,22,0,26
BRDA:196,22,1,1
BRDA:223,23,0,26
BRDA:223,23,1,0
BRDA:226,24,0,26
BRDA:226,24,1,1
BRDA:229,25,0,26
BRDA:229,25,1,25
BRDA:230,26,0,1
BRDA:230,26,1,25
BRF:54
BRH:48
end_of_record
TN:
SF:src\components\componentsAdmin\AdminAllUsersTable\AdminAllUsersTable.jsx
FN:7,(anonymous_0)
FN:12,(anonymous_1)
FN:24,(anonymous_2)
FN:36,(anonymous_3)
FN:37,(anonymous_4)
FN:51,(anonymous_5)
FN:57,(anonymous_6)
FN:61,(anonymous_7)
FN:69,(anonymous_8)
FN:73,(anonymous_9)
FN:76,(anonymous_10)
FN:77,(anonymous_11)
FN:81,(anonymous_12)
FN:82,(anonymous_13)
FN:129,(anonymous_14)
FN:159,(anonymous_15)
FN:176,(anonymous_16)
FN:181,(anonymous_17)
FN:185,(anonymous_18)
FN:194,(anonymous_19)
FNF:20
FNH:18
FNDA:14,(anonymous_0)
FNDA:15,(anonymous_1)
FNDA:28,(anonymous_2)
FNDA:6,(anonymous_3)
FNDA:6,(anonymous_4)
FNDA:14,(anonymous_5)
FNDA:1,(anonymous_6)
FNDA:6,(anonymous_7)
FNDA:1,(anonymous_8)
FNDA:1,(anonymous_9)
FNDA:1,(anonymous_10)
FNDA:6,(anonymous_11)
FNDA:1,(anonymous_12)
FNDA:6,(anonymous_13)
FNDA:42,(anonymous_14)
FNDA:1,(anonymous_15)
FNDA:0,(anonymous_16)
FNDA:28,(anonymous_17)
FNDA:0,(anonymous_18)
FNDA:1,(anonymous_19)
DA:7,1
DA:8,14
DA:9,14
DA:12,1
DA:13,15
DA:14,15
DA:15,15
DA:17,15
DA:18,15
DA:21,15
DA:24,1
DA:25,28
DA:26,28
DA:27,28
DA:28,28
DA:29,28
DA:32,28
DA:33,28
DA:34,28
DA:36,28
DA:37,6
DA:38,6
DA:39,6
DA:40,5
DA:41,5
DA:43,1
DA:45,6
DA:48,6
DA:51,28
DA:53,14
DA:54,14
DA:57,28
DA:58,1
DA:59,1
DA:60,1
DA:62,6
DA:65,1
DA:66,1
DA:69,28
DA:70,1
DA:73,28
DA:74,1
DA:75,1
DA:76,1
DA:77,1
DA:78,6
DA:81,1
DA:82,1
DA:83,6
DA:87,0
DA:91,28
DA:92,16
DA:94,15
DA:96,15
DA:130,42
DA:159,1
DA:176,0
DA:182,28
DA:185,0
DA:194,1
LF:60
LH:57
BRDA:17,0,0,15
BRDA:17,0,1,0
BRDA:62,1,0,6
BRDA:62,1,1,5
BRDA:78,2,0,1
BRDA:78,2,1,5
BRDA:83,3,0,1
BRDA:83,3,1,5
BRDA:91,4,0,12
BRDA:91,4,1,16
BRDA:92,5,0,1
BRDA:92,5,1,15
BRDA:152,6,0,25
BRDA:152,6,1,17
BRDA:153,7,0,25
BRDA:153,7,1,17
BRDA:158,8,0,25
BRDA:158,8,1,17
BRDA:161,9,0,25
BRDA:161,9,1,17
BRDA:184,10,0,15
BRDA:184,10,1,13
BRF:22
BRH:21
end_of_record
TN:
SF:src\components\componentsAdmin\AllSongs\AllSongsTable.jsx
FN:8,(anonymous_0)
FN:22,(anonymous_1)
FN:23,(anonymous_2)
FN:37,(anonymous_3)
FN:41,(anonymous_4)
FN:47,(anonymous_5)
FN:54,(anonymous_6)
FN:63,(anonymous_7)
FN:98,(anonymous_8)
FN:109,(anonymous_9)
FN:118,(anonymous_10)
FN:121,(anonymous_11)
FN:122,(anonymous_12)
FN:123,(anonymous_13)
FN:139,(anonymous_14)
FN:145,(anonymous_15)
FN:151,(anonymous_16)
FN:157,(anonymous_17)
FN:167,(anonymous_18)
FN:182,(anonymous_19)
FN:182,(anonymous_20)
FN:185,(anonymous_21)
FNF:22
FNH:19
FNDA:39,(anonymous_0)
FNDA:8,(anonymous_1)
FNDA:8,(anonymous_2)
FNDA:18,(anonymous_3)
FNDA:2,(anonymous_4)
FNDA:2,(anonymous_5)
FNDA:2,(anonymous_6)
FNDA:1,(anonymous_7)
FNDA:1,(anonymous_8)
FNDA:1,(anonymous_9)
FNDA:1,(anonymous_10)
FNDA:66,(anonymous_11)
FNDA:21,(anonymous_12)
FNDA:42,(anonymous_13)
FNDA:0,(anonymous_14)
FNDA:0,(anonymous_15)
FNDA:1,(anonymous_16)
FNDA:0,(anonymous_17)
FNDA:48,(anonymous_18)
FNDA:24,(anonymous_19)
FNDA:24,(anonymous_20)
FNDA:1,(anonymous_21)
DA:8,1
DA:9,39
DA:10,38
DA:11,38
DA:12,38
DA:13,38
DA:14,38
DA:15,38
DA:16,38
DA:17,38
DA:18,38
DA:20,38
DA:22,38
DA:23,8
DA:24,8
DA:25,8
DA:26,7
DA:27,7
DA:29,1
DA:31,8
DA:34,8
DA:37,38
DA:38,18
DA:40,18
DA:41,1
DA:42,2
DA:46,18
DA:47,1
DA:48,2
DA:52,18
DA:53,1
DA:54,2
DA:58,18
DA:59,18
DA:60,18
DA:63,38
DA:64,1
DA:65,1
DA:68,38
DA:69,38
DA:75,38
DA:76,22
DA:78,21
DA:98,1
DA:109,1
DA:118,1
DA:121,66
DA:122,21
DA:124,42
DA:139,0
DA:145,0
DA:151,1
DA:157,0
DA:168,48
DA:182,24
DA:183,24
DA:185,1
LF:57
LH:54
BRDA:40,0,0,1
BRDA:40,0,1,17
BRDA:46,1,0,1
BRDA:46,1,1,17
BRDA:52,2,0,1
BRDA:52,2,1,17
BRDA:64,3,0,1
BRDA:64,3,1,0
BRDA:75,4,0,16
BRDA:75,4,1,22
BRDA:76,5,0,1
BRDA:76,5,1,21
BRDA:141,6,0,0
BRDA:141,6,1,21
BRDA:141,7,0,0
BRDA:141,7,1,0
BRDA:147,8,0,0
BRDA:147,8,1,21
BRDA:147,9,0,0
BRDA:147,9,1,0
BRDA:153,10,0,2
BRDA:153,10,1,19
BRDA:153,11,0,0
BRDA:153,11,1,2
BRDA:159,12,0,19
BRDA:159,12,1,2
BRDA:159,13,0,19
BRDA:159,13,1,0
BRDA:173,14,0,48
BRDA:173,14,1,31
BRDA:187,15,0,21
BRDA:187,15,1,3
BRF:32
BRH:23
end_of_record
TN:
SF:src\components\componentsAdmin\ArtistsTable\ArtistsTable.jsx
FN:6,(anonymous_0)
FN:11,(anonymous_1)
FN:12,(anonymous_2)
FN:24,(anonymous_3)
FN:26,(anonymous_4)
FN:48,(anonymous_5)
FN:65,(anonymous_6)
FNF:7
FNH:7
FNDA:14,(anonymous_0)
FNDA:3,(anonymous_1)
FNDA:3,(anonymous_2)
FNDA:7,(anonymous_3)
FNDA:20,(anonymous_4)
FNDA:1,(anonymous_5)
FNDA:21,(anonymous_6)
DA:6,1
DA:7,14
DA:8,14
DA:9,14
DA:11,14
DA:12,3
DA:13,3
DA:14,3
DA:15,3
DA:17,0
DA:21,3
DA:24,14
DA:25,7
DA:27,20
DA:33,14
DA:48,1
DA:66,21
LF:17
LH:16
BRDA:27,0,0,20
BRDA:27,0,1,4
BRDA:91,1,0,12
BRDA:91,1,1,9
BRF:4
BRH:4
end_of_record
TN:
SF:src\components\componentsAdmin\ChartArtists\ChartArtists.jsx
FN:6,(anonymous_0)
FN:11,(anonymous_1)
FN:12,(anonymous_2)
FN:17,(anonymous_3)
FN:19,(anonymous_4)
FN:45,(anonymous_5)
FN:61,(anonymous_6)
FN:77,(anonymous_7)
FNF:8
FNH:7
FNDA:7,(anonymous_0)
FNDA:4,(anonymous_1)
FNDA:4,(anonymous_2)
FNDA:3,(anonymous_3)
FNDA:18,(anonymous_4)
FNDA:1,(anonymous_5)
FNDA:0,(anonymous_6)
FNDA:20,(anonymous_7)
DA:6,1
DA:7,7
DA:8,7
DA:9,7
DA:11,7
DA:12,4
DA:13,4
DA:14,4
DA:17,3
DA:18,3
DA:19,18
DA:20,3
DA:23,3
DA:25,1
DA:29,4
DA:33,7
DA:45,1
DA:62,0
DA:63,0
DA:64,0
DA:65,0
DA:67,0
DA:78,20
LF:23
LH:18
BRDA:18,0,0,3
BRDA:18,0,1,0
BRDA:62,1,0,0
BRDA:62,1,1,0
BRDA:64,2,0,0
BRDA:64,2,1,0
BRF:6
BRH:1
end_of_record
TN:
SF:src\components\componentsAdmin\ChartManagers\ChartManagers.jsx
FN:6,(anonymous_0)
FN:11,(anonymous_1)
FN:12,(anonymous_2)
FN:38,(anonymous_3)
FN:52,(anonymous_4)
FN:67,(anonymous_5)
FNF:6
FNH:5
FNDA:7,(anonymous_0)
FNDA:4,(anonymous_1)
FNDA:4,(anonymous_2)
FNDA:1,(anonymous_3)
FNDA:0,(anonymous_4)
FNDA:8,(anonymous_5)
DA:6,1
DA:7,7
DA:8,7
DA:9,7
DA:11,7
DA:12,4
DA:13,4
DA:14,4
DA:15,3
DA:16,3
DA:18,1
DA:22,4
DA:26,7
DA:38,1
DA:53,0
DA:54,0
DA:55,0
DA:56,0
DA:58,0
DA:68,8
LF:20
LH:15
BRDA:53,0,0,0
BRDA:53,0,1,0
BRDA:55,1,0,0
BRDA:55,1,1,0
BRF:4
BRH:0
end_of_record
TN:
SF:src\components\componentsAdmin\ContactRequests\ContactRequests.jsx
FN:6,(anonymous_0)
FN:12,(anonymous_1)
FN:13,(anonymous_2)
FN:25,(anonymous_3)
FN:30,(anonymous_4)
FN:30,(anonymous_5)
FN:31,(anonymous_6)
FN:31,(anonymous_7)
FN:38,(anonymous_8)
FN:42,(anonymous_9)
FN:87,(anonymous_10)
FN:94,(anonymous_11)
FN:101,(anonymous_12)
FNF:13
FNH:13
FNDA:18,(anonymous_0)
FNDA:5,(anonymous_1)
FNDA:5,(anonymous_2)
FNDA:3,(anonymous_3)
FNDA:3,(anonymous_4)
FNDA:6,(anonymous_5)
FNDA:3,(anonymous_6)
FNDA:6,(anonymous_7)
FNDA:2,(anonymous_8)
FNDA:4,(anonymous_9)
FNDA:22,(anonymous_10)
FNDA:2,(anonymous_11)
FNDA:1,(anonymous_12)
DA:6,1
DA:7,18
DA:8,18
DA:9,18
DA:10,18
DA:12,18
DA:13,5
DA:14,5
DA:15,5
DA:16,5
DA:17,5
DA:19,0
DA:22,5
DA:25,18
DA:26,3
DA:27,3
DA:29,3
DA:30,6
DA:31,6
DA:34,3
DA:38,18
DA:39,2
DA:40,2
DA:41,2
DA:43,4
DA:50,18
DA:88,22
DA:94,2
DA:101,1
LF:29
LH:28
BRDA:29,0,0,3
BRDA:29,0,1,0
BRDA:43,1,0,4
BRDA:43,1,1,1
BRDA:43,1,2,1
BRDA:82,2,0,5
BRDA:82,2,1,13
BRDA:96,3,0,22
BRDA:96,3,1,3
BRDA:98,4,0,2
BRDA:98,4,1,20
BRDA:98,5,0,22
BRDA:98,5,1,3
BRDA:103,6,0,22
BRDA:103,6,1,3
BRDA:105,7,0,1
BRDA:105,7,1,21
BRDA:105,8,0,22
BRDA:105,8,1,3
BRF:19
BRH:18
end_of_record
TN:
SF:src\components\componentsAdmin\ManagersTable\ManagersTable.jsx
FN:6,(anonymous_0)
FN:12,(anonymous_1)
FN:13,(anonymous_2)
FN:27,(anonymous_3)
FN:31,(anonymous_4)
FN:51,(anonymous_5)
FN:92,(anonymous_6)
FNF:7
FNH:7
FNDA:11,(anonymous_0)
FNDA:5,(anonymous_1)
FNDA:5,(anonymous_2)
FNDA:1,(anonymous_3)
FNDA:2,(anonymous_4)
FNDA:1,(anonymous_5)
FNDA:13,(anonymous_6)
DA:6,1
DA:7,11
DA:8,11
DA:9,11
DA:10,11
DA:12,11
DA:13,5
DA:14,5
DA:15,5
DA:16,5
DA:17,5
DA:19,0
DA:23,5
DA:27,11
DA:28,1
DA:29,1
DA:30,1
DA:32,2
DA:35,1
DA:38,11
DA:51,1
DA:93,13
LF:22
LH:21
BRDA:32,0,0,2
BRDA:32,0,1,1
BRDA:124,1,0,7
BRDA:124,1,1,6
BRDA:126,2,0,7
BRDA:126,2,1,6
BRF:6
BRH:6
end_of_record
TN:
SF:src\components\componentsArtist\AddSong\AddSongs.jsx
FN:6,(anonymous_0)
FN:22,(anonymous_1)
FN:44,(anonymous_2)
FN:53,(anonymous_3)
FN:59,(anonymous_4)
FN:65,(anonymous_5)
FN:78,(anonymous_6)
FN:166,(anonymous_7)
FNF:8
FNH:8
FNDA:23,(anonymous_0)
FNDA:24,(anonymous_1)
FNDA:12,(anonymous_2)
FNDA:12,(anonymous_3)
FNDA:12,(anonymous_4)
FNDA:4,(anonymous_5)
FNDA:9,(anonymous_6)
FNDA:115,(anonymous_7)
DA:6,1
DA:7,23
DA:14,23
DA:15,23
DA:17,23
DA:18,23
DA:20,23
DA:22,23
DA:23,24
DA:25,24
DA:26,7
DA:27,1
DA:28,6
DA:29,0
DA:31,17
DA:32,7
DA:33,1
DA:34,6
DA:35,2
DA:37,10
DA:38,1
DA:41,24
DA:44,23
DA:45,12
DA:48,12
DA:49,0
DA:53,12
DA:59,12
DA:65,23
DA:66,4
DA:69,4
DA:75,4
DA:78,9
DA:79,2
DA:82,2
DA:83,2
DA:85,2
DA:86,1
DA:92,1
DA:93,1
DA:97,23
DA:167,115
LF:42
LH:40
BRDA:25,0,0,7
BRDA:25,0,1,17
BRDA:26,1,0,1
BRDA:26,1,1,6
BRDA:28,2,0,0
BRDA:28,2,1,6
BRDA:31,3,0,7
BRDA:31,3,1,10
BRDA:32,4,0,1
BRDA:32,4,1,6
BRDA:34,5,0,2
BRDA:34,5,1,4
BRDA:37,6,0,1
BRDA:37,6,1,9
BRDA:37,7,0,10
BRDA:37,7,1,7
BRDA:48,8,0,0
BRDA:48,8,1,12
BRDA:48,9,0,12
BRDA:48,9,1,3
BRDA:78,10,0,2
BRDA:78,10,1,2
BRDA:85,11,0,1
BRDA:85,11,1,1
BRDA:101,12,0,23
BRDA:101,12,1,2
BRDA:104,13,0,1
BRDA:104,13,1,1
BRDA:123,14,0,23
BRDA:123,14,1,1
BRDA:139,15,0,23
BRDA:139,15,1,5
BRDA:172,16,0,23
BRDA:172,16,1,1
BRF:34
BRH:32
end_of_record
TN:
SF:src\components\componentsArtist\AllSongsArtists\AllSongsArtists.jsx
FN:7,(anonymous_0)
FN:17,(anonymous_1)
FN:18,(anonymous_2)
FN:33,(anonymous_3)
FN:37,(anonymous_4)
FN:42,(anonymous_5)
FN:45,(anonymous_6)
FN:48,(anonymous_7)
FN:54,(anonymous_8)
FN:90,(anonymous_9)
FN:105,(anonymous_10)
FN:108,(anonymous_11)
FN:108,(anonymous_12)
FN:112,(anonymous_13)
FN:117,(anonymous_14)
FNF:15
FNH:13
FNDA:10,(anonymous_0)
FNDA:3,(anonymous_1)
FNDA:3,(anonymous_2)
FNDA:2,(anonymous_3)
FNDA:12,(anonymous_4)
FNDA:2,(anonymous_5)
FNDA:5,(anonymous_6)
FNDA:5,(anonymous_7)
FNDA:1,(anonymous_8)
FNDA:22,(anonymous_9)
FNDA:0,(anonymous_10)
FNDA:11,(anonymous_11)
FNDA:11,(anonymous_12)
FNDA:1,(anonymous_13)
FNDA:0,(anonymous_14)
DA:7,1
DA:8,10
DA:9,10
DA:10,10
DA:11,10
DA:12,10
DA:13,10
DA:14,10
DA:15,10
DA:17,10
DA:18,3
DA:19,3
DA:20,3
DA:21,1
DA:22,1
DA:24,1
DA:26,2
DA:30,3
DA:33,10
DA:34,2
DA:35,2
DA:36,2
DA:37,12
DA:39,2
DA:42,10
DA:44,2
DA:45,5
DA:46,1
DA:48,5
DA:49,1
DA:51,2
DA:54,10
DA:55,1
DA:56,1
DA:59,10
DA:60,10
DA:61,10
DA:63,10
DA:64,7
DA:66,6
DA:91,22
DA:105,0
DA:108,11
DA:109,11
DA:112,1
DA:117,0
LF:46
LH:44
BRDA:44,0,0,1
BRDA:44,0,1,1
BRDA:55,1,0,0
BRDA:55,1,1,1
BRDA:55,2,0,1
BRDA:55,2,1,1
BRDA:63,3,0,3
BRDA:63,3,1,7
BRDA:64,4,0,1
BRDA:64,4,1,6
BRDA:84,5,0,1
BRDA:84,5,1,5
BRDA:96,6,0,22
BRDA:96,6,1,0
BRDA:111,7,0,6
BRDA:111,7,1,5
BRF:16
BRH:14
end_of_record
TN:
SF:src\components\componentsArtist\ArtistSongs\ArtistSongsTable.jsx
FN:6,(anonymous_0)
FN:13,(anonymous_1)
FN:14,(anonymous_2)
FN:29,(anonymous_3)
FN:34,(anonymous_4)
FN:82,(anonymous_5)
FNF:6
FNH:6
FNDA:12,(anonymous_0)
FNDA:5,(anonymous_1)
FNDA:5,(anonymous_2)
FNDA:3,(anonymous_3)
FNDA:5,(anonymous_4)
FNDA:8,(anonymous_5)
DA:6,1
DA:7,12
DA:8,12
DA:9,12
DA:10,12
DA:11,12
DA:13,12
DA:14,5
DA:15,5
DA:16,5
DA:17,3
DA:18,3
DA:20,1
DA:22,4
DA:26,5
DA:29,12
DA:30,3
DA:31,3
DA:32,3
DA:35,5
DA:41,12
DA:42,7
DA:44,6
DA:83,8
LF:24
LH:24
BRDA:35,0,0,5
BRDA:35,0,1,2
BRDA:35,0,2,2
BRDA:41,1,0,5
BRDA:41,1,1,7
BRDA:42,2,0,1
BRDA:42,2,1,6
BRDA:81,3,0,5
BRDA:81,3,1,1
BRDA:110,4,0,8
BRDA:110,4,1,1
BRF:11
BRH:11
end_of_record
TN:
SF:src\components\componentsArtist\GenreDistributionChart\GenreDistributionChart.jsx
FN:8,(anonymous_0)
FN:12,(anonymous_1)
FN:13,(anonymous_2)
FN:16,(anonymous_3)
FN:45,(anonymous_4)
FN:47,(anonymous_5)
FNF:6
FNH:6
FNDA:5,(anonymous_0)
FNDA:3,(anonymous_1)
FNDA:3,(anonymous_2)
FNDA:8,(anonymous_3)
FNDA:8,(anonymous_4)
FNDA:8,(anonymous_5)
DA:6,1
DA:8,1
DA:9,5
DA:10,5
DA:12,5
DA:13,3
DA:14,3
DA:15,3
DA:16,8
DA:17,2
DA:19,1
DA:23,3
DA:26,5
DA:45,8
DA:48,8
LF:15
LH:15
BRF:0
BRH:0
end_of_record
TN:
SF:src\components\componentsArtist\MyManager\MyManager.jsx
FN:6,(anonymous_0)
FN:10,(anonymous_1)
FN:11,(anonymous_2)
FN:34,(anonymous_3)
FN:36,(anonymous_4)
FN:70,(anonymous_5)
FNF:6
FNH:5
FNDA:4,(anonymous_0)
FNDA:2,(anonymous_1)
FNDA:2,(anonymous_2)
FNDA:1,(anonymous_3)
FNDA:0,(anonymous_4)
FNDA:6,(anonymous_5)
DA:6,1
DA:7,4
DA:8,4
DA:10,4
DA:11,2
DA:12,2
DA:13,2
DA:14,1
DA:24,1
DA:26,1
DA:31,2
DA:34,4
DA:35,1
DA:36,1
DA:37,0
DA:41,4
DA:70,1
DA:71,6
LF:18
LH:17
BRDA:27,0,0,1
BRDA:27,0,1,0
BRDA:44,1,0,4
BRDA:44,1,1,1
BRDA:50,2,0,4
BRDA:50,2,1,1
BRF:6
BRH:5
end_of_record
TN:
SF:src\components\componentsArtist\TopArtistSongs\TopSongsTable.jsx
FN:6,(anonymous_0)
FN:13,(anonymous_1)
FN:14,(anonymous_2)
FN:29,(anonymous_3)
FN:34,(anonymous_4)
FN:82,(anonymous_5)
FNF:6
FNH:6
FNDA:8,(anonymous_0)
FNDA:4,(anonymous_1)
FNDA:4,(anonymous_2)
FNDA:1,(anonymous_3)
FNDA:2,(anonymous_4)
FNDA:5,(anonymous_5)
DA:6,1
DA:7,8
DA:8,8
DA:9,8
DA:10,8
DA:11,8
DA:13,8
DA:14,4
DA:15,4
DA:16,4
DA:17,2
DA:18,2
DA:20,1
DA:22,3
DA:26,4
DA:29,8
DA:30,1
DA:31,1
DA:32,1
DA:35,2
DA:41,8
DA:42,4
DA:44,3
DA:83,5
LF:24
LH:24
BRDA:35,0,0,2
BRDA:35,0,1,1
BRDA:35,0,2,1
BRDA:41,1,0,4
BRDA:41,1,1,4
BRDA:42,2,0,1
BRDA:42,2,1,3
BRDA:81,3,0,3
BRDA:81,3,1,0
BRDA:110,4,0,5
BRDA:110,4,1,1
BRF:11
BRH:10
end_of_record
TN:
SF:src\components\componentsArtist\TopSongsChart\TopSongsChart.jsx
FN:6,(anonymous_0)
FN:9,(anonymous_1)
FN:10,(anonymous_2)
FN:38,(anonymous_3)
FNF:4
FNH:4
FNDA:3,(anonymous_0)
FNDA:2,(anonymous_1)
FNDA:2,(anonymous_2)
FNDA:15,(anonymous_3)
DA:6,1
DA:7,3
DA:9,3
DA:10,2
DA:11,2
DA:12,2
DA:13,1
DA:15,1
DA:19,2
DA:22,3
DA:39,15
DA:40,0
DA:41,15
DA:42,12
DA:44,3
LF:15
LH:14
BRDA:39,0,0,0
BRDA:39,0,1,15
BRDA:41,1,0,12
BRDA:41,1,1,3
BRF:4
BRH:3
end_of_record
TN:
SF:src\components\componentsManager\ArtistsTrans\ArtistsTrans.jsx
FN:8,(anonymous_0)
FN:19,(anonymous_1)
FN:20,(anonymous_2)
FN:36,(anonymous_3)
FN:42,(anonymous_4)
FN:43,(anonymous_5)
FN:44,(anonymous_6)
FN:46,(anonymous_7)
FN:99,(anonymous_8)
FN:114,(anonymous_9)
FN:115,(anonymous_10)
FNF:11
FNH:10
FNDA:28,(anonymous_0)
FNDA:6,(anonymous_1)
FNDA:6,(anonymous_2)
FNDA:13,(anonymous_3)
FNDA:1,(anonymous_4)
FNDA:1,(anonymous_5)
FNDA:0,(anonymous_6)
FNDA:1,(anonymous_7)
FNDA:63,(anonymous_8)
FNDA:28,(anonymous_9)
FNDA:1,(anonymous_10)
DA:8,1
DA:9,28
DA:10,28
DA:11,28
DA:12,28
DA:13,28
DA:14,28
DA:15,28
DA:16,28
DA:17,28
DA:19,28
DA:20,6
DA:21,6
DA:22,6
DA:23,6
DA:24,5
DA:25,5
DA:27,1
DA:29,6
DA:33,6
DA:36,28
DA:37,13
DA:38,13
DA:39,13
DA:42,28
DA:43,28
DA:44,28
DA:46,28
DA:47,1
DA:51,28
DA:52,16
DA:54,15
DA:55,15
DA:57,15
DA:100,63
DA:115,28
LF:36
LH:36
BRDA:51,0,0,12
BRDA:51,0,1,16
BRDA:52,1,0,1
BRDA:52,1,1,15
BRDA:115,2,0,15
BRDA:115,2,1,13
BRF:6
BRH:6
end_of_record
TN:
SF:src\components\componentsManager\BarChartArtists\BarChartArtists.jsx
FN:6,(anonymous_0)
FN:10,(anonymous_1)
FN:11,(anonymous_2)
FN:46,(anonymous_3)
FNF:4
FNH:3
FNDA:3,(anonymous_0)
FNDA:2,(anonymous_1)
FNDA:2,(anonymous_2)
FNDA:0,(anonymous_3)
DA:6,1
DA:7,3
DA:8,3
DA:10,3
DA:11,2
DA:12,2
DA:13,2
DA:14,1
DA:16,1
DA:20,2
DA:24,3
DA:47,0
DA:48,0
DA:49,0
DA:50,0
DA:52,0
LF:16
LH:11
BRDA:47,0,0,0
BRDA:47,0,1,0
BRDA:49,1,0,0
BRDA:49,1,1,0
BRF:4
BRH:0
end_of_record
TN:
SF:src\components\componentsManager\ManagerArtists\ManagerArtists.jsx
FN:6,(anonymous_0)
FN:15,(anonymous_1)
FN:16,(anonymous_2)
FN:30,(anonymous_3)
FN:35,(anonymous_4)
FN:43,(anonymous_5)
FN:86,(anonymous_6)
FN:96,(anonymous_7)
FNF:8
FNH:8
FNDA:11,(anonymous_0)
FNDA:5,(anonymous_1)
FNDA:5,(anonymous_2)
FNDA:1,(anonymous_3)
FNDA:2,(anonymous_4)
FNDA:1,(anonymous_5)
FNDA:9,(anonymous_6)
FNDA:1,(anonymous_7)
DA:6,1
DA:7,11
DA:8,11
DA:9,11
DA:10,11
DA:11,11
DA:13,11
DA:15,11
DA:16,5
DA:17,5
DA:18,5
DA:19,4
DA:20,4
DA:21,4
DA:23,1
DA:24,1
DA:27,5
DA:30,11
DA:31,1
DA:32,1
DA:33,1
DA:36,2
DA:43,11
DA:44,1
DA:47,11
DA:48,6
DA:50,5
DA:87,9
DA:96,1
LF:29
LH:29
BRDA:36,0,0,2
BRDA:36,0,1,1
BRDA:36,0,2,1
BRDA:47,1,0,5
BRDA:47,1,1,6
BRDA:48,2,0,1
BRDA:48,2,1,5
BRF:7
BRH:7
end_of_record
TN:
SF:src\pagesAuth\ChangePassword\ChangePassword.jsx
FN:7,(anonymous_0)
FN:21,(anonymous_1)
FN:24,(anonymous_2)
FN:28,(anonymous_3)
FN:32,(anonymous_4)
FN:44,(anonymous_5)
FN:54,(anonymous_6)
FN:133,(anonymous_7)
FN:155,(anonymous_8)
FN:171,(anonymous_9)
FNF:10
FNH:9
FNDA:31,(anonymous_0)
FNDA:7,(anonymous_1)
FNDA:5,(anonymous_2)
FNDA:6,(anonymous_3)
FNDA:5,(anonymous_4)
FNDA:2,(anonymous_5)
FNDA:1,(anonymous_6)
FNDA:2,(anonymous_7)
FNDA:0,(anonymous_8)
FNDA:1,(anonymous_9)
DA:7,1
DA:8,31
DA:14,31
DA:15,31
DA:16,31
DA:17,31
DA:18,31
DA:19,31
DA:21,31
DA:22,7
DA:23,7
DA:24,5
DA:28,31
DA:29,6
DA:32,31
DA:33,5
DA:34,5
DA:35,5
DA:36,5
DA:37,4
DA:39,1
DA:41,5
DA:44,31
DA:45,2
DA:46,2
DA:47,1
DA:48,1
DA:50,1
DA:51,1
DA:52,1
DA:53,1
DA:54,1
DA:56,1
DA:59,31
DA:133,2
DA:155,0
DA:171,1
LF:37
LH:36
BRDA:23,0,0,5
BRDA:23,0,1,2
BRDA:36,1,0,4
BRDA:36,1,1,1
BRDA:46,2,0,1
BRDA:46,2,1,1
BRDA:52,3,0,1
BRDA:52,3,1,0
BRDA:67,4,0,13
BRDA:67,4,1,18
BRDA:88,5,0,18
BRDA:88,5,1,13
BRDA:95,6,0,5
BRDA:95,6,1,13
BRDA:97,7,0,5
BRDA:97,7,1,13
BRDA:123,8,0,1
BRDA:123,8,1,12
BRDA:135,9,0,1
BRDA:135,9,1,12
BRDA:145,10,0,1
BRDA:145,10,1,12
BRDA:157,11,0,1
BRDA:157,11,1,12
BRDA:163,12,0,1
BRDA:163,12,1,12
BRF:26
BRH:25
end_of_record
TN:
SF:src\pagesAuth\ContactForm\ContactForm.jsx
FN:4,(anonymous_0)
FN:17,(anonymous_1)
FN:21,(anonymous_2)
FN:25,(anonymous_3)
FN:62,(anonymous_4)
FNF:5
FNH:4
FNDA:26,(anonymous_0)
FNDA:15,(anonymous_1)
FNDA:0,(anonymous_2)
FNDA:4,(anonymous_3)
FNDA:4,(anonymous_4)
DA:4,1
DA:5,26
DA:14,26
DA:15,26
DA:17,26
DA:18,15
DA:21,26
DA:22,0
DA:25,26
DA:26,4
DA:28,4
DA:29,1
DA:30,3
DA:31,0
DA:34,4
DA:35,1
DA:36,3
DA:37,0
DA:40,4
DA:41,1
DA:42,3
DA:43,0
DA:46,4
DA:47,1
DA:48,3
DA:49,0
DA:52,4
DA:53,1
DA:54,3
DA:55,1
DA:58,4
DA:59,4
DA:62,26
DA:63,4
DA:64,4
DA:66,2
DA:67,2
DA:68,1
DA:69,1
DA:70,1
DA:72,1
DA:76,26
LF:42
LH:37
BRDA:28,0,0,1
BRDA:28,0,1,3
BRDA:30,1,0,0
BRDA:30,1,1,3
BRDA:34,2,0,1
BRDA:34,2,1,3
BRDA:36,3,0,0
BRDA:36,3,1,3
BRDA:40,4,0,1
BRDA:40,4,1,3
BRDA:42,5,0,0
BRDA:42,5,1,3
BRDA:46,6,0,1
BRDA:46,6,1,3
BRDA:48,7,0,0
BRDA:48,7,1,3
BRDA:52,8,0,1
BRDA:52,8,1,3
BRDA:54,9,0,1
BRDA:54,9,1,2
BRDA:64,10,0,2
BRDA:64,10,1,2
BRDA:67,11,0,1
BRDA:67,11,1,1
BRDA:82,12,0,26
BRDA:82,12,1,1
BRDA:85,13,0,26
BRDA:85,13,1,1
BRDA:88,14,0,26
BRDA:88,14,1,1
BRDA:91,15,0,26
BRDA:91,15,1,1
BRDA:104,16,0,26
BRDA:104,16,1,2
BRDA:108,17,0,26
BRDA:108,17,1,2
BRF:36
BRH:32
end_of_record
TN:
SF:src\pagesAuth\ForgotPassword\ForgotPassword.jsx
FN:7,(anonymous_0)
FN:17,(anonymous_1)
FN:29,(anonymous_2)
FN:33,(anonymous_3)
FN:38,(anonymous_4)
FN:73,(anonymous_5)
FN:103,(anonymous_6)
FN:116,(anonymous_7)
FN:129,(anonymous_8)
FNF:9
FNH:9
FNDA:17,(anonymous_0)
FNDA:3,(anonymous_1)
FNDA:1,(anonymous_2)
FNDA:1,(anonymous_3)
FNDA:4,(anonymous_4)
FNDA:3,(anonymous_5)
FNDA:1,(anonymous_6)
FNDA:1,(anonymous_7)
FNDA:1,(anonymous_8)
DA:7,1
DA:8,17
DA:9,17
DA:10,17
DA:11,17
DA:12,17
DA:13,17
DA:14,17
DA:15,17
DA:17,17
DA:18,3
DA:19,3
DA:20,3
DA:21,3
DA:22,2
DA:24,1
DA:26,3
DA:29,17
DA:30,1
DA:31,1
DA:32,1
DA:33,1
DA:35,1
DA:38,17
DA:39,4
DA:40,4
DA:41,3
DA:43,1
DA:47,17
DA:73,3
DA:103,1
DA:116,1
DA:129,1
LF:33
LH:33
BRDA:21,0,0,2
BRDA:21,0,1,1
BRDA:32,1,0,1
BRDA:32,1,1,0
BRDA:40,2,0,3
BRDA:40,2,1,1
BRDA:59,3,0,11
BRDA:59,3,1,6
BRDA:83,4,0,3
BRDA:83,4,1,8
BRDA:85,5,0,3
BRDA:85,5,1,8
BRF:12
BRH:11
end_of_record
TN:
SF:src\pagesAuth\LoginPage\LoginPage.jsx
FN:6,(anonymous_0)
FN:16,(anonymous_1)
FN:22,(anonymous_2)
FN:28,(anonymous_3)
FN:45,(anonymous_4)
FN:48,(anonymous_5)
FN:52,(anonymous_6)
FN:58,(anonymous_7)
FN:88,(anonymous_8)
FN:104,(anonymous_9)
FN:106,(anonymous_10)
FN:162,(anonymous_11)
FNF:12
FNH:11
FNDA:40,(anonymous_0)
FNDA:14,(anonymous_1)
FNDA:1,(anonymous_2)
FNDA:28,(anonymous_3)
FNDA:28,(anonymous_4)
FNDA:7,(anonymous_5)
FNDA:14,(anonymous_6)
FNDA:1,(anonymous_7)
FNDA:3,(anonymous_8)
FNDA:2,(anonymous_9)
FNDA:0,(anonymous_10)
FNDA:2,(anonymous_11)
DA:6,1
DA:7,40
DA:8,40
DA:9,40
DA:13,40
DA:14,40
DA:16,40
DA:17,14
DA:18,14
DA:19,14
DA:22,40
DA:23,1
DA:28,40
DA:29,28
DA:30,28
DA:31,15
DA:32,15
DA:33,1
DA:34,14
DA:35,1
DA:38,28
DA:39,13
DA:40,1
DA:41,12
DA:42,0
DA:45,28
DA:48,40
DA:49,7
DA:51,7
DA:52,7
DA:53,14
DA:54,14
DA:55,2
DA:58,7
DA:59,1
DA:60,1
DA:63,6
DA:64,6
DA:66,5
DA:67,5
DA:68,1
DA:69,1
DA:72,4
DA:73,4
DA:74,4
DA:75,1
DA:77,3
DA:80,0
DA:83,1
DA:84,1
DA:88,40
DA:89,3
DA:91,1
DA:92,1
DA:94,1
DA:95,1
DA:97,1
DA:98,1
DA:100,0
DA:104,40
DA:105,2
DA:106,2
DA:107,0
DA:111,40
DA:162,2
LF:65
LH:61
BRDA:30,0,0,15
BRDA:30,0,1,13
BRDA:32,1,0,1
BRDA:32,1,1,14
BRDA:34,2,0,1
BRDA:34,2,1,13
BRDA:38,3,0,13
BRDA:38,3,1,15
BRDA:39,4,0,1
BRDA:39,4,1,12
BRDA:41,5,0,0
BRDA:41,5,1,12
BRDA:54,6,0,2
BRDA:54,6,1,12
BRDA:58,7,0,1
BRDA:58,7,1,6
BRDA:66,8,0,5
BRDA:66,8,1,0
BRDA:67,9,0,1
BRDA:67,9,1,4
BRDA:74,10,0,1
BRDA:74,10,1,3
BRDA:83,11,0,1
BRDA:83,11,1,0
BRDA:89,12,0,1
BRDA:89,12,1,1
BRDA:89,12,2,1
BRDA:89,12,3,0
BRDA:119,13,0,40
BRDA:119,13,1,6
BRDA:141,14,0,40
BRDA:141,14,1,2
BRDA:153,15,0,1
BRDA:153,15,1,39
BRDA:164,16,0,1
BRDA:164,16,1,39
BRDA:167,17,0,40
BRDA:167,17,1,1
BRF:38
BRH:34
end_of_record
TN:
SF:src\service\ApiService.js
FN:18,(anonymous_0)
FN:23,(anonymous_1)
FN:29,(anonymous_2)
FN:35,(anonymous_3)
FN:40,(anonymous_4)
FN:46,(anonymous_5)
FN:52,(anonymous_6)
FN:59,(anonymous_7)
FN:69,(anonymous_8)
FN:75,(anonymous_9)
FN:85,(anonymous_10)
FN:90,(anonymous_11)
FN:95,(anonymous_12)
FN:100,(anonymous_13)
FN:112,(anonymous_14)
FN:120,(anonymous_15)
FN:153,(anonymous_16)
FN:180,(anonymous_17)
FN:201,(anonymous_18)
FN:214,(anonymous_19)
FN:225,(anonymous_20)
FN:236,(anonymous_21)
FN:250,(anonymous_22)
FN:262,(anonymous_23)
FN:272,(anonymous_24)
FN:282,(anonymous_25)
FN:292,(anonymous_26)
FN:302,(anonymous_27)
FN:312,(anonymous_28)
FN:325,(anonymous_29)
FN:339,(anonymous_30)
FN:353,(anonymous_31)
FN:367,(anonymous_32)
FN:384,(anonymous_33)
FN:415,(anonymous_34)
FN:431,(anonymous_35)
FN:435,(anonymous_36)
FN:440,(anonymous_37)
FN:445,(anonymous_38)
FN:450,(anonymous_39)
FN:455,(anonymous_40)
FN:462,(anonymous_41)
FN:480,(anonymous_42)
FN:496,(anonymous_43)
FN:502,(anonymous_44)
FN:512,(anonymous_45)
FN:525,(anonymous_46)
FN:530,(anonymous_47)
FN:537,(anonymous_48)
FN:547,(anonymous_49)
FN:557,(anonymous_50)
FN:567,(anonymous_51)
FN:577,(anonymous_52)
FN:589,(anonymous_53)
FN:599,(anonymous_54)
FN:611,(anonymous_55)
FN:621,(anonymous_56)
FN:633,(anonymous_57)
FN:645,(anonymous_58)
FN:657,(anonymous_59)
FN:665,(anonymous_60)
FN:683,(anonymous_61)
FN:684,(anonymous_62)
FN:693,(anonymous_63)
FN:706,(anonymous_64)
FN:709,(anonymous_65)
FN:716,(anonymous_66)
FN:741,(anonymous_67)
FN:754,(anonymous_68)
FN:766,(anonymous_69)
FN:779,(anonymous_70)
FN:796,(anonymous_71)
FN:810,(anonymous_72)
FN:827,(anonymous_73)
FN:845,(anonymous_74)
FN:864,(anonymous_75)
FN:889,(anonymous_76)
FN:901,(anonymous_77)
FN:911,(anonymous_78)
FN:921,(anonymous_79)
FN:940,(anonymous_80)
FN:962,(anonymous_81)
FN:983,(anonymous_82)
FN:1002,(anonymous_83)
FN:1021,(anonymous_84)
FNF:85
FNH:12
FNDA:11,(anonymous_0)
FNDA:10,(anonymous_1)
FNDA:11,(anonymous_2)
FNDA:0,(anonymous_3)
FNDA:0,(anonymous_4)
FNDA:0,(anonymous_5)
FNDA:0,(anonymous_6)
FNDA:9,(anonymous_7)
FNDA:1,(anonymous_8)
FNDA:1,(anonymous_9)
FNDA:0,(anonymous_10)
FNDA:0,(anonymous_11)
FNDA:1,(anonymous_12)
FNDA:2,(anonymous_13)
FNDA:1,(anonymous_14)
FNDA:1,(anonymous_15)
FNDA:0,(anonymous_16)
FNDA:0,(anonymous_17)
FNDA:1,(anonymous_18)
FNDA:0,(anonymous_19)
FNDA:0,(anonymous_20)
FNDA:0,(anonymous_21)
FNDA:0,(anonymous_22)
FNDA:0,(anonymous_23)
FNDA:0,(anonymous_24)
FNDA:0,(anonymous_25)
FNDA:0,(anonymous_26)
FNDA:0,(anonymous_27)
FNDA:0,(anonymous_28)
FNDA:0,(anonymous_29)
FNDA:0,(anonymous_30)
FNDA:0,(anonymous_31)
FNDA:0,(anonymous_32)
FNDA:0,(anonymous_33)
FNDA:0,(anonymous_34)
FNDA:0,(anonymous_35)
FNDA:0,(anonymous_36)
FNDA:0,(anonymous_37)
FNDA:0,(anonymous_38)
FNDA:0,(anonymous_39)
FNDA:1,(anonymous_40)
FNDA:0,(anonymous_41)
FNDA:0,(anonymous_42)
FNDA:0,(anonymous_43)
FNDA:0,(anonymous_44)
FNDA:0,(anonymous_45)
FNDA:0,(anonymous_46)
FNDA:0,(anonymous_47)
FNDA:0,(anonymous_48)
FNDA:0,(anonymous_49)
FNDA:0,(anonymous_50)
FNDA:0,(anonymous_51)
FNDA:0,(anonymous_52)
FNDA:0,(anonymous_53)
FNDA:0,(anonymous_54)
FNDA:0,(anonymous_55)
FNDA:0,(anonymous_56)
FNDA:0,(anonymous_57)
FNDA:0,(anonymous_58)
FNDA:0,(anonymous_59)
FNDA:0,(anonymous_60)
FNDA:0,(anonymous_61)
FNDA:0,(anonymous_62)
FNDA:0,(anonymous_63)
FNDA:0,(anonymous_64)
FNDA:0,(anonymous_65)
FNDA:0,(anonymous_66)
FNDA:0,(anonymous_67)
FNDA:0,(anonymous_68)
FNDA:0,(anonymous_69)
FNDA:0,(anonymous_70)
FNDA:0,(anonymous_71)
FNDA:0,(anonymous_72)
FNDA:0,(anonymous_73)
FNDA:0,(anonymous_74)
FNDA:0,(anonymous_75)
FNDA:0,(anonymous_76)
FNDA:0,(anonymous_77)
FNDA:0,(anonymous_78)
FNDA:0,(anonymous_79)
FNDA:0,(anonymous_80)
FNDA:0,(anonymous_81)
FNDA:0,(anonymous_82)
FNDA:0,(anonymous_83)
FNDA:0,(anonymous_84)
DA:6,19
DA:7,19
DA:8,19
DA:9,19
DA:10,19
DA:11,19
DA:12,19
DA:13,19
DA:14,19
DA:19,11
DA:24,10
DA:25,10
DA:30,11
DA:31,11
DA:32,8
DA:36,0
DA:41,0
DA:42,0
DA:47,0
DA:48,0
DA:49,0
DA:53,0
DA:54,0
DA:55,0
DA:60,9
DA:61,9
DA:70,1
DA:71,1
DA:76,1
DA:77,1
DA:78,1
DA:79,1
DA:80,1
DA:81,1
DA:82,1
DA:86,0
DA:91,0
DA:92,0
DA:96,1
DA:97,1
DA:101,2
DA:102,2
DA:105,1
DA:107,1
DA:108,1
DA:113,1
DA:114,1
DA:115,1
DA:117,1
DA:121,1
DA:122,1
DA:123,0
DA:124,0
DA:127,1
DA:128,1
DA:132,1
DA:134,1
DA:135,1
DA:136,1
DA:139,1
DA:141,0
DA:142,0
DA:146,1
DA:148,0
DA:149,0
DA:154,0
DA:155,0
DA:156,0
DA:157,0
DA:158,0
DA:161,0
DA:168,0
DA:170,0
DA:171,0
DA:181,0
DA:182,0
DA:183,0
DA:185,0
DA:186,0
DA:202,1
DA:203,1
DA:204,1
DA:205,1
DA:206,1
DA:208,0
DA:209,0
DA:215,0
DA:216,0
DA:217,0
DA:219,0
DA:220,0
DA:226,0
DA:227,0
DA:228,0
DA:230,0
DA:231,0
DA:237,0
DA:238,0
DA:242,0
DA:244,0
DA:245,0
DA:246,0
DA:251,0
DA:252,0
DA:255,0
DA:257,0
DA:258,0
DA:263,0
DA:264,0
DA:265,0
DA:267,0
DA:268,0
DA:273,0
DA:274,0
DA:275,0
DA:277,0
DA:278,0
DA:283,0
DA:284,0
DA:285,0
DA:287,0
DA:288,0
DA:293,0
DA:294,0
DA:295,0
DA:297,0
DA:298,0
DA:303,0
DA:304,0
DA:305,0
DA:307,0
DA:308,0
DA:313,0
DA:314,0
DA:318,0
DA:320,0
DA:326,0
DA:327,0
DA:332,0
DA:334,0
DA:335,0
DA:340,0
DA:341,0
DA:346,0
DA:348,0
DA:349,0
DA:354,0
DA:355,0
DA:360,0
DA:362,0
DA:363,0
DA:368,0
DA:369,0
DA:370,0
DA:373,0
DA:374,0
DA:375,0
DA:376,0
DA:378,0
DA:379,0
DA:380,0
DA:385,0
DA:386,0
DA:387,0
DA:389,0
DA:390,0
DA:391,0
DA:393,0
DA:394,0
DA:395,0
DA:398,0
DA:399,0
DA:405,0
DA:406,0
DA:408,0
DA:409,0
DA:410,0
DA:416,0
DA:417,0
DA:422,0
DA:424,0
DA:425,0
DA:432,0
DA:436,0
DA:437,0
DA:441,0
DA:442,0
DA:446,0
DA:447,0
DA:451,0
DA:452,0
DA:456,1
DA:459,1
DA:463,0
DA:464,0
DA:465,0
DA:466,0
DA:469,0
DA:470,0
DA:473,0
DA:475,0
DA:476,0
DA:481,0
DA:482,0
DA:484,0
DA:485,0
DA:486,0
DA:489,0
DA:491,0
DA:493,0
DA:496,0
DA:497,0
DA:503,0
DA:504,0
DA:505,0
DA:507,0
DA:508,0
DA:513,0
DA:514,0
DA:523,0
DA:525,0
DA:526,0
DA:531,0
DA:532,0
DA:533,0
DA:534,0
DA:538,0
DA:539,0
DA:540,0
DA:542,0
DA:543,0
DA:548,0
DA:549,0
DA:550,0
DA:552,0
DA:553,0
DA:558,0
DA:559,0
DA:560,0
DA:562,0
DA:563,0
DA:568,0
DA:569,0
DA:570,0
DA:572,0
DA:573,0
DA:578,0
DA:579,0
DA:582,0
DA:584,0
DA:585,0
DA:590,0
DA:591,0
DA:592,0
DA:594,0
DA:595,0
DA:600,0
DA:601,0
DA:604,0
DA:606,0
DA:607,0
DA:612,0
DA:613,0
DA:614,0
DA:616,0
DA:617,0
DA:622,0
DA:623,0
DA:626,0
DA:628,0
DA:629,0
DA:634,0
DA:635,0
DA:638,0
DA:640,0
DA:641,0
DA:646,0
DA:647,0
DA:650,0
DA:652,0
DA:653,0
DA:658,0
DA:659,0
DA:663,0
DA:665,0
DA:666,0
DA:667,0
DA:669,0
DA:670,0
DA:671,0
DA:673,0
DA:674,0
DA:675,0
DA:679,0
DA:682,0
DA:683,0
DA:684,0
DA:688,0
DA:689,0
DA:694,0
DA:695,0
DA:699,0
DA:701,0
DA:702,0
DA:707,0
DA:708,0
DA:709,0
DA:711,0
DA:712,0
DA:717,0
DA:718,0
DA:720,0
DA:724,0
DA:726,0
DA:727,0
DA:728,0
DA:730,0
DA:731,0
DA:735,0
DA:736,0
DA:737,0
DA:742,0
DA:743,0
DA:744,0
DA:747,0
DA:749,0
DA:750,0
DA:755,0
DA:756,0
DA:759,0
DA:761,0
DA:762,0
DA:767,0
DA:768,0
DA:769,0
DA:772,0
DA:774,0
DA:775,0
DA:780,0
DA:781,0
DA:782,0
DA:783,0
DA:784,0
DA:786,0
DA:789,0
DA:791,0
DA:792,0
DA:797,0
DA:798,0
DA:799,0
DA:800,0
DA:802,0
DA:803,0
DA:805,0
DA:806,0
DA:811,0
DA:812,0
DA:813,0
DA:814,0
DA:815,0
DA:817,0
DA:820,0
DA:822,0
DA:823,0
DA:828,0
DA:829,0
DA:830,0
DA:831,0
DA:832,0
DA:835,0
DA:838,0
DA:840,0
DA:841,0
DA:846,0
DA:847,0
DA:848,0
DA:849,0
DA:850,0
DA:853,0
DA:857,0
DA:859,0
DA:860,0
DA:865,0
DA:866,0
DA:867,0
DA:868,0
DA:869,0
DA:872,0
DA:877,0
DA:878,0
DA:879,0
DA:880,0
DA:881,0
DA:882,0
DA:883,0
DA:885,0
DA:890,0
DA:891,0
DA:893,0
DA:897,0
DA:898,0
DA:901,0
DA:904,0
DA:908,0
DA:911,0
DA:916,0
DA:917,0
DA:922,0
DA:923,0
DA:924,0
DA:925,0
DA:927,0
DA:933,0
DA:935,0
DA:936,0
DA:941,0
DA:942,0
DA:950,0
DA:951,0
DA:952,0
DA:953,0
DA:954,0
DA:955,0
DA:956,0
DA:958,0
DA:963,0
DA:964,0
DA:968,0
DA:973,0
DA:978,0
DA:979,0
DA:984,0
DA:985,0
DA:991,0
DA:997,0
DA:998,0
DA:1003,0
DA:1004,0
DA:1010,0
DA:1011,0
DA:1012,0
DA:1015,0
DA:1016,0
DA:1017,0
DA:1022,0
DA:1023,0
DA:1027,0
DA:1028,0
DA:1029,0
DA:1031,0
DA:1032,0
DA:1035,0
DA:1036,0
DA:1037,0
LF:454
LH:54
BRDA:31,0,0,3
BRDA:31,0,1,8
BRDA:48,1,0,0
BRDA:48,1,1,0
BRDA:92,2,0,0
BRDA:92,2,1,0
BRDA:97,3,0,1
BRDA:97,3,1,0
BRDA:114,4,0,1
BRDA:114,4,1,0
BRDA:122,5,0,0
BRDA:122,5,1,1
BRDA:132,6,0,1
BRDA:132,6,1,0
BRDA:139,7,0,1
BRDA:139,7,1,0
BRDA:156,8,0,0
BRDA:156,8,1,0
BRDA:244,9,0,0
BRDA:244,9,1,0
BRDA:245,10,0,0
BRDA:245,10,1,0
BRDA:320,11,0,0
BRDA:320,11,1,0
BRDA:368,12,0,0
BRDA:368,12,1,0
BRDA:378,13,0,0
BRDA:378,13,1,0
BRDA:385,14,0,0
BRDA:385,14,1,0
BRDA:389,15,0,0
BRDA:389,15,1,0
BRDA:393,16,0,0
BRDA:393,16,1,0
BRDA:405,17,0,0
BRDA:405,17,1,0
BRDA:408,18,0,0
BRDA:408,18,1,0
BRDA:409,19,0,0
BRDA:409,19,1,0
BRDA:464,20,0,0
BRDA:464,20,1,0
BRDA:484,21,0,0
BRDA:484,21,1,0
BRDA:491,22,0,0
BRDA:491,22,1,0
BRDA:673,23,0,0
BRDA:673,23,1,0
BRDA:673,24,0,0
BRDA:673,24,1,0
BRDA:720,25,0,0
BRDA:720,25,1,0
BRDA:726,26,0,0
BRDA:726,26,1,0
BRDA:727,27,0,0
BRDA:727,27,1,0
BRDA:782,28,0,0
BRDA:782,28,1,0
BRDA:798,29,0,0
BRDA:798,29,1,0
BRDA:813,30,0,0
BRDA:813,30,1,0
BRDA:830,31,0,0
BRDA:830,31,1,0
BRDA:848,32,0,0
BRDA:848,32,1,0
BRDA:867,33,0,0
BRDA:867,33,1,0
BRDA:898,34,0,0
BRDA:898,34,1,0
BRDA:913,35,0,0
BRDA:913,35,1,0
BRDA:923,36,0,0
BRDA:923,36,1,0
BRDA:1010,37,0,0
BRDA:1010,37,1,0
BRDA:1016,38,0,0
BRDA:1016,38,1,0
BRDA:1027,39,0,0
BRDA:1027,39,1,0
BRF:80
BRH:7
end_of_record
TN:
SF:src\utils\Paginate.jsx
FN:1,(anonymous_0)
FN:6,(anonymous_1)
FNF:2
FNH:2
FNDA:63,(anonymous_0)
FNDA:63,(anonymous_1)
DA:1,3
DA:2,63
DA:3,63
DA:6,3
DA:7,63
DA:8,63
DA:9,63
DA:11,63
DA:12,63
DA:15,63
LF:10
LH:10
BRDA:11,0,0,63
BRDA:11,0,1,0
BRF:2
BRH:1
end_of_record
TN:
SF:src\utils\SortFilter.jsx
FN:1,(anonymous_0)
FN:2,(anonymous_1)
FN:11,(anonymous_2)
FN:13,(anonymous_3)
FN:19,(anonymous_4)
FN:20,(anonymous_5)
FNF:6
FNH:4
FNDA:31,(anonymous_0)
FNDA:44,(anonymous_1)
FNDA:0,(anonymous_2)
FNDA:0,(anonymous_3)
FNDA:13,(anonymous_4)
FNDA:42,(anonymous_5)
DA:1,2
DA:2,31
DA:3,44
DA:4,43
DA:6,1
DA:11,2
DA:12,0
DA:13,0
DA:14,0
DA:19,2
DA:20,13
DA:21,42
DA:25,42
DA:29,42
DA:33,42
LF:15
LH:12
BRDA:3,0,0,43
BRDA:3,0,1,1
BRDA:4,1,0,38
BRDA:4,1,1,5
BRDA:6,2,0,0
BRDA:6,2,1,1
BRDA:12,3,0,0
BRDA:12,3,1,0
BRDA:21,4,0,6
BRDA:21,4,1,36
BRDA:25,5,0,6
BRDA:25,5,1,36
BRDA:29,6,0,0
BRDA:29,6,1,42
BRDA:33,7,0,42
BRDA:33,7,1,37
BRDA:33,7,2,32
BRF:17
BRH:13
end_of_record
